[2025-02-01T14:55:18.847+0000] {local_task_job_runner.py:123} INFO - ::group::Pre task execution logs
[2025-02-01T14:55:18.860+0000] {taskinstance.py:2613} INFO - Dependencies all met for dep_context=non-requeueable deps ti=<TaskInstance: etl_pipeline.transform manual__2025-02-01T14:54:09.519531+00:00 [queued]>
[2025-02-01T14:55:18.867+0000] {taskinstance.py:2613} INFO - Dependencies all met for dep_context=requeueable deps ti=<TaskInstance: etl_pipeline.transform manual__2025-02-01T14:54:09.519531+00:00 [queued]>
[2025-02-01T14:55:18.868+0000] {taskinstance.py:2866} INFO - Starting attempt 1 of 2
[2025-02-01T14:55:18.879+0000] {taskinstance.py:2889} INFO - Executing <Task(PythonOperator): transform> on 2025-02-01 14:54:09.519531+00:00
[2025-02-01T14:55:18.888+0000] {warnings.py:112} WARNING - /home/***/.local/lib/python3.12/site-packages/***/task/task_runner/standard_task_runner.py:70: DeprecationWarning: This process (pid=93) is multi-threaded, use of fork() may lead to deadlocks in the child.
  pid = os.fork()

[2025-02-01T14:55:18.890+0000] {standard_task_runner.py:104} INFO - Running: ['***', 'tasks', 'run', 'etl_pipeline', 'transform', 'manual__2025-02-01T14:54:09.519531+00:00', '--job-id', '85', '--raw', '--subdir', 'DAGS_FOLDER/DAG.py', '--cfg-path', '/tmp/tmp_v5wv8q1']
[2025-02-01T14:55:18.890+0000] {standard_task_runner.py:72} INFO - Started process 95 to run task
[2025-02-01T14:55:18.891+0000] {standard_task_runner.py:105} INFO - Job 85: Subtask transform
[2025-02-01T14:55:18.935+0000] {task_command.py:467} INFO - Running <TaskInstance: etl_pipeline.transform manual__2025-02-01T14:54:09.519531+00:00 [running]> on host 62152b012983
[2025-02-01T14:55:19.004+0000] {taskinstance.py:3132} INFO - Exporting env vars: AIRFLOW_CTX_DAG_OWNER='***' AIRFLOW_CTX_DAG_ID='etl_pipeline' AIRFLOW_CTX_TASK_ID='transform' AIRFLOW_CTX_EXECUTION_DATE='2025-02-01T14:54:09.519531+00:00' AIRFLOW_CTX_TRY_NUMBER='1' AIRFLOW_CTX_DAG_RUN_ID='manual__2025-02-01T14:54:09.519531+00:00'
[2025-02-01T14:55:19.005+0000] {logging_mixin.py:190} INFO - Task instance is in running state
[2025-02-01T14:55:19.006+0000] {logging_mixin.py:190} INFO -  Previous state of the Task instance: queued
[2025-02-01T14:55:19.007+0000] {logging_mixin.py:190} INFO - Current task name:transform state:running start_date:2025-02-01 14:55:18.861417+00:00
[2025-02-01T14:55:19.008+0000] {logging_mixin.py:190} INFO - Dag name:etl_pipeline and current dag run status:running
[2025-02-01T14:55:19.009+0000] {taskinstance.py:731} INFO - ::endgroup::
[2025-02-01T14:55:19.031+0000] {warnings.py:112} WARNING - /opt/***/dags/transform.py:9: FutureWarning: Passing literal json to 'read_json' is deprecated and will be removed in a future version. To read from a literal string, wrap it in a 'StringIO' object.
  df = pd.read_json(df_json)

[2025-02-01T14:55:19.339+0000] {_universal.py:509} INFO - Request URL: 'https://myaccount123xyz.blob.core.windows.net/silver/data/data_silver.csv'
Request method: 'GET'
Request headers:
    'x-ms-range': 'REDACTED'
    'x-ms-version': 'REDACTED'
    'Accept': 'application/xml'
    'User-Agent': 'azsdk-python-storage-blob/12.24.0 Python/3.12.8 (Linux-5.15.167.4-microsoft-standard-WSL2-x86_64-with-glibc2.36)'
    'x-ms-date': 'REDACTED'
    'x-ms-client-request-id': '8e03c07a-e0ac-11ef-afd7-0242ac130006'
    'Authorization': 'REDACTED'
No body was attached to the request
[2025-02-01T14:55:19.623+0000] {_universal.py:545} INFO - Response status: 404
Response headers:
    'Content-Length': '215'
    'Content-Type': 'application/xml'
    'Server': 'Windows-Azure-Blob/1.0 Microsoft-HTTPAPI/2.0'
    'x-ms-request-id': '25db06d1-001e-0062-0fb9-7417f4000000'
    'x-ms-client-request-id': '8e03c07a-e0ac-11ef-afd7-0242ac130006'
    'x-ms-version': 'REDACTED'
    'x-ms-is-soft-deleted': 'REDACTED'
    'x-ms-error-code': 'BlobNotFound'
    'Date': 'Sat, 01 Feb 2025 14:55:12 GMT'
[2025-02-01T14:55:19.625+0000] {logging_mixin.py:190} INFO - Blob 'data/data_silver.csv' does not exist or is empty. Creating a new one.
[2025-02-01T14:55:19.649+0000] {_universal.py:506} INFO - Request URL: 'https://myaccount123xyz.blob.core.windows.net/silver/data/data_silver.csv'
Request method: 'PUT'
Request headers:
    'Content-Length': '891403'
    'x-ms-blob-type': 'REDACTED'
    'x-ms-version': 'REDACTED'
    'Content-Type': 'application/octet-stream'
    'Accept': 'application/xml'
    'User-Agent': 'azsdk-python-storage-blob/12.24.0 Python/3.12.8 (Linux-5.15.167.4-microsoft-standard-WSL2-x86_64-with-glibc2.36)'
    'x-ms-date': 'REDACTED'
    'x-ms-client-request-id': '8e333df0-e0ac-11ef-afd7-0242ac130006'
    'Authorization': 'REDACTED'
A body is sent with the request
[2025-02-01T14:55:20.101+0000] {_universal.py:545} INFO - Response status: 201
Response headers:
    'Content-Length': '0'
    'Content-MD5': 'REDACTED'
    'Last-Modified': 'Sat, 01 Feb 2025 14:55:13 GMT'
    'ETag': '"0x8DD42D06ECD4B19"'
    'Server': 'Windows-Azure-Blob/1.0 Microsoft-HTTPAPI/2.0'
    'x-ms-request-id': '25db0729-001e-0062-62b9-7417f4000000'
    'x-ms-client-request-id': '8e333df0-e0ac-11ef-afd7-0242ac130006'
    'x-ms-version': 'REDACTED'
    'x-ms-content-crc64': 'REDACTED'
    'x-ms-request-server-encrypted': 'REDACTED'
    'Date': 'Sat, 01 Feb 2025 14:55:13 GMT'
[2025-02-01T14:55:20.103+0000] {logging_mixin.py:190} INFO - Data appended successfully to blob 'data/data_silver.csv' in container 'silver'!
[2025-02-01T14:55:20.167+0000] {python.py:240} INFO - Done. Returned value was:                                              Job Title  ...            Role
0                                 Data scientist (H/F)  ...  Data Scientist
1    Data Analytics - Senior Data Scientist - Casab...  ...  Data Scientist
2    Senior Data Scientist – Machine Learning & Dee...  ...  Data Scientist
3                                Senior Data Scientist  ...  Data Scientist
4                   Senior Data Scientist - Casablanca  ...  Data Scientist
..                                                 ...  ...             ...
268                       580 | Senior DevOps Engineer  ...          DevOps
269                                    DEVOPS ENGINEER  ...          DevOps
270                      DevSecOps Cloud Architect F/H  ...  Cloud Engineer
271                              Cloud Architect (F/H)  ...  Cloud Engineer
272                  Senior Cloud Architect - Data &AI  ...  Cloud Engineer

[273 rows x 14 columns]
[2025-02-01T14:55:20.277+0000] {taskinstance.py:340} INFO - ::group::Post task execution logs
[2025-02-01T14:55:20.278+0000] {taskinstance.py:352} INFO - Marking task as SUCCESS. dag_id=etl_pipeline, task_id=transform, run_id=manual__2025-02-01T14:54:09.519531+00:00, execution_date=20250201T145409, start_date=20250201T145518, end_date=20250201T145520
[2025-02-01T14:55:20.288+0000] {logging_mixin.py:190} INFO - Task instance in success state
[2025-02-01T14:55:20.289+0000] {logging_mixin.py:190} INFO -  Previous state of the Task instance: running
[2025-02-01T14:55:20.290+0000] {logging_mixin.py:190} INFO - Dag name:etl_pipeline queued_at:2025-02-01 14:54:09.534738+00:00
[2025-02-01T14:55:20.290+0000] {logging_mixin.py:190} INFO - Task hostname:62152b012983 operator:PythonOperator
[2025-02-01T14:55:20.312+0000] {local_task_job_runner.py:266} INFO - Task exited with return code 0
[2025-02-01T14:55:20.328+0000] {taskinstance.py:3895} INFO - 1 downstream tasks scheduled from follow-on schedule check
[2025-02-01T14:55:20.332+0000] {local_task_job_runner.py:245} INFO - ::endgroup::
