[2025-02-01T13:36:58.093+0000] {local_task_job_runner.py:123} INFO - ::group::Pre task execution logs
[2025-02-01T13:36:58.108+0000] {taskinstance.py:2613} INFO - Dependencies all met for dep_context=non-requeueable deps ti=<TaskInstance: etl_pipeline.extract manual__2025-02-01T13:36:54.047061+00:00 [queued]>
[2025-02-01T13:36:58.114+0000] {taskinstance.py:2613} INFO - Dependencies all met for dep_context=requeueable deps ti=<TaskInstance: etl_pipeline.extract manual__2025-02-01T13:36:54.047061+00:00 [queued]>
[2025-02-01T13:36:58.115+0000] {taskinstance.py:2866} INFO - Starting attempt 1 of 2
[2025-02-01T13:36:58.129+0000] {taskinstance.py:2889} INFO - Executing <Task(PythonOperator): extract> on 2025-02-01 13:36:54.047061+00:00
[2025-02-01T13:36:58.143+0000] {standard_task_runner.py:104} INFO - Running: ['***', 'tasks', 'run', 'etl_pipeline', 'extract', 'manual__2025-02-01T13:36:54.047061+00:00', '--job-id', '71', '--raw', '--subdir', 'DAGS_FOLDER/DAG.py', '--cfg-path', '/tmp/tmpnxhbbgs7']
[2025-02-01T13:36:58.141+0000] {warnings.py:112} WARNING - /home/***/.local/lib/python3.12/site-packages/***/task/task_runner/standard_task_runner.py:70: DeprecationWarning: This process (pid=75) is multi-threaded, use of fork() may lead to deadlocks in the child.
  pid = os.fork()

[2025-02-01T13:36:58.145+0000] {standard_task_runner.py:105} INFO - Job 71: Subtask extract
[2025-02-01T13:36:58.146+0000] {standard_task_runner.py:72} INFO - Started process 77 to run task
[2025-02-01T13:36:58.269+0000] {task_command.py:467} INFO - Running <TaskInstance: etl_pipeline.extract manual__2025-02-01T13:36:54.047061+00:00 [running]> on host 62152b012983
[2025-02-01T13:36:58.362+0000] {taskinstance.py:3132} INFO - Exporting env vars: AIRFLOW_CTX_DAG_OWNER='***' AIRFLOW_CTX_DAG_ID='etl_pipeline' AIRFLOW_CTX_TASK_ID='extract' AIRFLOW_CTX_EXECUTION_DATE='2025-02-01T13:36:54.047061+00:00' AIRFLOW_CTX_TRY_NUMBER='1' AIRFLOW_CTX_DAG_RUN_ID='manual__2025-02-01T13:36:54.047061+00:00'
[2025-02-01T13:36:58.366+0000] {logging_mixin.py:190} INFO - Task instance is in running state
[2025-02-01T13:36:58.366+0000] {logging_mixin.py:190} INFO -  Previous state of the Task instance: queued
[2025-02-01T13:36:58.366+0000] {logging_mixin.py:190} INFO - Current task name:extract state:running start_date:2025-02-01 13:36:58.108724+00:00
[2025-02-01T13:36:58.367+0000] {logging_mixin.py:190} INFO - Dag name:etl_pipeline and current dag run status:running
[2025-02-01T13:36:58.367+0000] {taskinstance.py:731} INFO - ::endgroup::
[2025-02-01T13:38:03.139+0000] {_universal.py:509} INFO - Request URL: 'https://myaccount123xyz.blob.core.windows.net/bronze/data/data_bronze.csv'
Request method: 'GET'
Request headers:
    'x-ms-range': 'REDACTED'
    'x-ms-version': 'REDACTED'
    'Accept': 'application/xml'
    'User-Agent': 'azsdk-python-storage-blob/12.24.0 Python/3.12.8 (Linux-5.15.167.4-microsoft-standard-WSL2-x86_64-with-glibc2.36)'
    'x-ms-date': 'REDACTED'
    'x-ms-client-request-id': 'c29fdd92-e0a1-11ef-9c27-0242ac130004'
    'Authorization': 'REDACTED'
No body was attached to the request
[2025-02-01T13:38:03.526+0000] {_universal.py:545} INFO - Response status: 206
Response headers:
    'Content-Length': '1'
    'Content-Type': 'application/octet-stream'
    'Content-Range': 'REDACTED'
    'Last-Modified': 'Sat, 01 Feb 2025 13:33:07 GMT'
    'Accept-Ranges': 'REDACTED'
    'ETag': '"0x8DD42C4F6C7FDF9"'
    'Server': 'Windows-Azure-Blob/1.0 Microsoft-HTTPAPI/2.0'
    'x-ms-request-id': 'cff9d52d-701e-0047-5dae-74be88000000'
    'x-ms-client-request-id': 'c29fdd92-e0a1-11ef-9c27-0242ac130004'
    'x-ms-version': 'REDACTED'
    'x-ms-creation-time': 'REDACTED'
    'x-ms-blob-content-md5': 'REDACTED'
    'x-ms-lease-status': 'REDACTED'
    'x-ms-lease-state': 'REDACTED'
    'x-ms-blob-type': 'REDACTED'
    'x-ms-server-encrypted': 'REDACTED'
    'Date': 'Sat, 01 Feb 2025 13:37:56 GMT'
[2025-02-01T13:38:03.533+0000] {logging_mixin.py:190} INFO - Blob 'data/data_bronze.csv' does not exist or is empty. Creating a new one.
[2025-02-01T13:38:03.559+0000] {_universal.py:506} INFO - Request URL: 'https://myaccount123xyz.blob.core.windows.net/bronze/data/data_bronze.csv'
Request method: 'PUT'
Request headers:
    'Content-Length': '865022'
    'x-ms-blob-type': 'REDACTED'
    'x-ms-version': 'REDACTED'
    'Content-Type': 'application/octet-stream'
    'Accept': 'application/xml'
    'User-Agent': 'azsdk-python-storage-blob/12.24.0 Python/3.12.8 (Linux-5.15.167.4-microsoft-standard-WSL2-x86_64-with-glibc2.36)'
    'x-ms-date': 'REDACTED'
    'x-ms-client-request-id': 'c2e00476-e0a1-11ef-9c27-0242ac130004'
    'Authorization': 'REDACTED'
A body is sent with the request
[2025-02-01T13:38:03.970+0000] {_universal.py:545} INFO - Response status: 201
Response headers:
    'Content-Length': '0'
    'Content-MD5': 'REDACTED'
    'Last-Modified': 'Sat, 01 Feb 2025 13:37:57 GMT'
    'ETag': '"0x8DD42C5A36D8462"'
    'Server': 'Windows-Azure-Blob/1.0 Microsoft-HTTPAPI/2.0'
    'x-ms-request-id': 'cff9d60b-701e-0047-25ae-74be88000000'
    'x-ms-client-request-id': 'c2e00476-e0a1-11ef-9c27-0242ac130004'
    'x-ms-version': 'REDACTED'
    'x-ms-content-crc64': 'REDACTED'
    'x-ms-request-server-encrypted': 'REDACTED'
    'Date': 'Sat, 01 Feb 2025 13:37:57 GMT'
[2025-02-01T13:38:03.971+0000] {logging_mixin.py:190} INFO - Data appended successfully to blob 'data/data_bronze.csv' in container 'bronze'!
[2025-02-01T13:38:04.048+0000] {python.py:240} INFO - Done. Returned value was:                                              Job Title  ...                                        Description
0                            Machine Learning Engineer  ...  This position is on behalf of one of our clien...
1      CC - Research Scientist in Plant Bioinformatics  ...  Job Description  The College of Compting at th...
2                                 Data scientist (H/F)  ...  Vous êtes en quête de nouveaux challenges et v...
3                   Senior Data Scientist - Casablanca  ...  Who we are ?  Artefact is a new generation of ...
4    Senior Data Scientist – Machine Learning & Dee...  ...  POSITION OVERVIEWWe are seeking a highly skill...
..                                                 ...  ...                                                ...
273  Ingénieur DevOps Site Reliability Engineer (SR...  ...   Description de l'entreprise  Chez Devoteam, n...
274                                    DevOps Engineer  ...  Job Description  DevOps Engineer - R&D  Locati...
275                  Senior Cloud Architect - Data &AI  ...  | IT & Tech Engineering | Management | | Allia...
276                              Cloud Architect (F/H)  ...  Poste :Au sein de l’équipe, vous participerez ...
277                      DevSecOps Cloud Architect F/H  ...  « Tous nos postes sont ouverts au télétravail ...

[278 rows x 4 columns]
[2025-02-01T13:38:04.224+0000] {taskinstance.py:340} INFO - ::group::Post task execution logs
[2025-02-01T13:38:04.225+0000] {taskinstance.py:352} INFO - Marking task as SUCCESS. dag_id=etl_pipeline, task_id=extract, run_id=manual__2025-02-01T13:36:54.047061+00:00, execution_date=20250201T133654, start_date=20250201T133658, end_date=20250201T133804
[2025-02-01T13:38:04.235+0000] {logging_mixin.py:190} INFO - Task instance in success state
[2025-02-01T13:38:04.236+0000] {logging_mixin.py:190} INFO -  Previous state of the Task instance: running
[2025-02-01T13:38:04.236+0000] {logging_mixin.py:190} INFO - Dag name:etl_pipeline queued_at:2025-02-01 13:36:54.063117+00:00
[2025-02-01T13:38:04.237+0000] {logging_mixin.py:190} INFO - Task hostname:62152b012983 operator:PythonOperator
[2025-02-01T13:38:04.264+0000] {local_task_job_runner.py:266} INFO - Task exited with return code 0
[2025-02-01T13:38:04.288+0000] {taskinstance.py:3895} INFO - 1 downstream tasks scheduled from follow-on schedule check
[2025-02-01T13:38:04.292+0000] {local_task_job_runner.py:245} INFO - ::endgroup::
