[2025-02-01T13:46:53.393+0000] {local_task_job_runner.py:123} INFO - ::group::Pre task execution logs
[2025-02-01T13:46:53.408+0000] {taskinstance.py:2613} INFO - Dependencies all met for dep_context=non-requeueable deps ti=<TaskInstance: etl_pipeline.transform manual__2025-02-01T13:45:45.417533+00:00 [queued]>
[2025-02-01T13:46:53.415+0000] {taskinstance.py:2613} INFO - Dependencies all met for dep_context=requeueable deps ti=<TaskInstance: etl_pipeline.transform manual__2025-02-01T13:45:45.417533+00:00 [queued]>
[2025-02-01T13:46:53.416+0000] {taskinstance.py:2866} INFO - Starting attempt 1 of 2
[2025-02-01T13:46:53.427+0000] {taskinstance.py:2889} INFO - Executing <Task(PythonOperator): transform> on 2025-02-01 13:45:45.417533+00:00
[2025-02-01T13:46:53.436+0000] {warnings.py:112} WARNING - /home/***/.local/lib/python3.12/site-packages/***/task/task_runner/standard_task_runner.py:70: DeprecationWarning: This process (pid=183) is multi-threaded, use of fork() may lead to deadlocks in the child.
  pid = os.fork()

[2025-02-01T13:46:53.437+0000] {standard_task_runner.py:72} INFO - Started process 185 to run task
[2025-02-01T13:46:53.438+0000] {standard_task_runner.py:104} INFO - Running: ['***', 'tasks', 'run', 'etl_pipeline', 'transform', 'manual__2025-02-01T13:45:45.417533+00:00', '--job-id', '75', '--raw', '--subdir', 'DAGS_FOLDER/DAG.py', '--cfg-path', '/tmp/tmp0ydsq_92']
[2025-02-01T13:46:53.439+0000] {standard_task_runner.py:105} INFO - Job 75: Subtask transform
[2025-02-01T13:46:53.482+0000] {task_command.py:467} INFO - Running <TaskInstance: etl_pipeline.transform manual__2025-02-01T13:45:45.417533+00:00 [running]> on host 62152b012983
[2025-02-01T13:46:53.549+0000] {taskinstance.py:3132} INFO - Exporting env vars: AIRFLOW_CTX_DAG_OWNER='***' AIRFLOW_CTX_DAG_ID='etl_pipeline' AIRFLOW_CTX_TASK_ID='transform' AIRFLOW_CTX_EXECUTION_DATE='2025-02-01T13:45:45.417533+00:00' AIRFLOW_CTX_TRY_NUMBER='1' AIRFLOW_CTX_DAG_RUN_ID='manual__2025-02-01T13:45:45.417533+00:00'
[2025-02-01T13:46:53.551+0000] {logging_mixin.py:190} INFO - Task instance is in running state
[2025-02-01T13:46:53.551+0000] {logging_mixin.py:190} INFO -  Previous state of the Task instance: queued
[2025-02-01T13:46:53.552+0000] {logging_mixin.py:190} INFO - Current task name:transform state:running start_date:2025-02-01 13:46:53.409366+00:00
[2025-02-01T13:46:53.553+0000] {logging_mixin.py:190} INFO - Dag name:etl_pipeline and current dag run status:running
[2025-02-01T13:46:53.553+0000] {taskinstance.py:731} INFO - ::endgroup::
[2025-02-01T13:46:53.575+0000] {warnings.py:112} WARNING - /opt/***/dags/transform.py:9: FutureWarning: Passing literal json to 'read_json' is deprecated and will be removed in a future version. To read from a literal string, wrap it in a 'StringIO' object.
  df = pd.read_json(df_json)

[2025-02-01T13:46:53.884+0000] {_universal.py:509} INFO - Request URL: 'https://myaccount123xyz.blob.core.windows.net/silver/data/data_silver.csv'
Request method: 'GET'
Request headers:
    'x-ms-range': 'REDACTED'
    'x-ms-version': 'REDACTED'
    'Accept': 'application/xml'
    'User-Agent': 'azsdk-python-storage-blob/12.24.0 Python/3.12.8 (Linux-5.15.167.4-microsoft-standard-WSL2-x86_64-with-glibc2.36)'
    'x-ms-date': 'REDACTED'
    'x-ms-client-request-id': 'fef9354e-e0a2-11ef-a9a5-0242ac130004'
    'Authorization': 'REDACTED'
No body was attached to the request
[2025-02-01T13:46:54.304+0000] {_universal.py:545} INFO - Response status: 206
Response headers:
    'Content-Length': '1801475'
    'Content-Type': 'application/octet-stream'
    'Content-Range': 'REDACTED'
    'Last-Modified': 'Sat, 01 Feb 2025 13:39:07 GMT'
    'Accept-Ranges': 'REDACTED'
    'ETag': '"0x8DD42C5CCE4D92B"'
    'Server': 'Windows-Azure-Blob/1.0 Microsoft-HTTPAPI/2.0'
    'x-ms-request-id': '9b286f10-e01e-0055-51af-74c558000000'
    'x-ms-client-request-id': 'fef9354e-e0a2-11ef-a9a5-0242ac130004'
    'x-ms-version': 'REDACTED'
    'x-ms-creation-time': 'REDACTED'
    'x-ms-blob-content-md5': 'REDACTED'
    'x-ms-lease-status': 'REDACTED'
    'x-ms-lease-state': 'REDACTED'
    'x-ms-blob-type': 'REDACTED'
    'x-ms-server-encrypted': 'REDACTED'
    'Date': 'Sat, 01 Feb 2025 13:46:47 GMT'
[2025-02-01T13:46:54.863+0000] {_universal.py:506} INFO - Request URL: 'https://myaccount123xyz.blob.core.windows.net/silver/data/data_silver.csv'
Request method: 'PUT'
Request headers:
    'Content-Length': '2701668'
    'x-ms-blob-type': 'REDACTED'
    'x-ms-version': 'REDACTED'
    'Content-Type': 'application/octet-stream'
    'Accept': 'application/xml'
    'User-Agent': 'azsdk-python-storage-blob/12.24.0 Python/3.12.8 (Linux-5.15.167.4-microsoft-standard-WSL2-x86_64-with-glibc2.36)'
    'x-ms-date': 'REDACTED'
    'x-ms-client-request-id': 'ff8e9c7e-e0a2-11ef-a9a5-0242ac130004'
    'Authorization': 'REDACTED'
A body is sent with the request
[2025-02-01T13:46:55.480+0000] {_universal.py:545} INFO - Response status: 201
Response headers:
    'Content-Length': '0'
    'Content-MD5': 'REDACTED'
    'Last-Modified': 'Sat, 01 Feb 2025 13:46:48 GMT'
    'ETag': '"0x8DD42C6E03B99E7"'
    'Server': 'Windows-Azure-Blob/1.0 Microsoft-HTTPAPI/2.0'
    'x-ms-request-id': '9b28728f-e01e-0055-74af-74c558000000'
    'x-ms-client-request-id': 'ff8e9c7e-e0a2-11ef-a9a5-0242ac130004'
    'x-ms-version': 'REDACTED'
    'x-ms-content-crc64': 'REDACTED'
    'x-ms-request-server-encrypted': 'REDACTED'
    'Date': 'Sat, 01 Feb 2025 13:46:48 GMT'
[2025-02-01T13:46:55.481+0000] {logging_mixin.py:190} INFO - Data appended successfully to blob 'data/data_silver.csv' in container 'silver'!
[2025-02-01T13:46:55.545+0000] {python.py:240} INFO - Done. Returned value was:                                              Job Title  ...            Role
0                                       Data Scientist  ...  Data Scientist
1    Data Analytics - Senior Data Scientist - Casab...  ...  Data Scientist
2                                 Data scientist (H/F)  ...  Data Scientist
3                                Senior Data Scientist  ...  Data Scientist
4    Senior Data Scientist – Machine Learning & Dee...  ...  Data Scientist
..                                                 ...  ...             ...
273                             Senior DevOps Engineer  ...          DevOps
274                                    DevOps Engineer  ...          DevOps
275                  Senior Cloud Architect - Data &AI  ...  Cloud Engineer
276                      DevSecOps Cloud Architect F/H  ...  Cloud Engineer
277                              Cloud Architect (F/H)  ...  Cloud Engineer

[278 rows x 14 columns]
[2025-02-01T13:46:55.652+0000] {taskinstance.py:340} INFO - ::group::Post task execution logs
[2025-02-01T13:46:55.653+0000] {taskinstance.py:352} INFO - Marking task as SUCCESS. dag_id=etl_pipeline, task_id=transform, run_id=manual__2025-02-01T13:45:45.417533+00:00, execution_date=20250201T134545, start_date=20250201T134653, end_date=20250201T134655
[2025-02-01T13:46:55.662+0000] {logging_mixin.py:190} INFO - Task instance in success state
[2025-02-01T13:46:55.662+0000] {logging_mixin.py:190} INFO -  Previous state of the Task instance: running
[2025-02-01T13:46:55.662+0000] {logging_mixin.py:190} INFO - Dag name:etl_pipeline queued_at:2025-02-01 13:45:45.441108+00:00
[2025-02-01T13:46:55.663+0000] {logging_mixin.py:190} INFO - Task hostname:62152b012983 operator:PythonOperator
[2025-02-01T13:46:55.701+0000] {local_task_job_runner.py:266} INFO - Task exited with return code 0
[2025-02-01T13:46:55.719+0000] {taskinstance.py:3895} INFO - 1 downstream tasks scheduled from follow-on schedule check
[2025-02-01T13:46:55.722+0000] {local_task_job_runner.py:245} INFO - ::endgroup::
