[2025-02-01T14:55:21.983+0000] {local_task_job_runner.py:123} INFO - ::group::Pre task execution logs
[2025-02-01T14:55:21.998+0000] {taskinstance.py:2613} INFO - Dependencies all met for dep_context=non-requeueable deps ti=<TaskInstance: etl_pipeline.load manual__2025-02-01T14:54:09.519531+00:00 [queued]>
[2025-02-01T14:55:22.005+0000] {taskinstance.py:2613} INFO - Dependencies all met for dep_context=requeueable deps ti=<TaskInstance: etl_pipeline.load manual__2025-02-01T14:54:09.519531+00:00 [queued]>
[2025-02-01T14:55:22.006+0000] {taskinstance.py:2866} INFO - Starting attempt 1 of 2
[2025-02-01T14:55:22.017+0000] {taskinstance.py:2889} INFO - Executing <Task(PythonOperator): load> on 2025-02-01 14:54:09.519531+00:00
[2025-02-01T14:55:22.027+0000] {warnings.py:112} WARNING - /home/***/.local/lib/python3.12/site-packages/***/task/task_runner/standard_task_runner.py:70: DeprecationWarning: This process (pid=97) is multi-threaded, use of fork() may lead to deadlocks in the child.
  pid = os.fork()

[2025-02-01T14:55:22.029+0000] {standard_task_runner.py:72} INFO - Started process 99 to run task
[2025-02-01T14:55:22.028+0000] {standard_task_runner.py:104} INFO - Running: ['***', 'tasks', 'run', 'etl_pipeline', 'load', 'manual__2025-02-01T14:54:09.519531+00:00', '--job-id', '86', '--raw', '--subdir', 'DAGS_FOLDER/DAG.py', '--cfg-path', '/tmp/tmpxl8ezjdk']
[2025-02-01T14:55:22.029+0000] {standard_task_runner.py:105} INFO - Job 86: Subtask load
[2025-02-01T14:55:22.066+0000] {task_command.py:467} INFO - Running <TaskInstance: etl_pipeline.load manual__2025-02-01T14:54:09.519531+00:00 [running]> on host 62152b012983
[2025-02-01T14:55:22.157+0000] {taskinstance.py:3132} INFO - Exporting env vars: AIRFLOW_CTX_DAG_OWNER='***' AIRFLOW_CTX_DAG_ID='etl_pipeline' AIRFLOW_CTX_TASK_ID='load' AIRFLOW_CTX_EXECUTION_DATE='2025-02-01T14:54:09.519531+00:00' AIRFLOW_CTX_TRY_NUMBER='1' AIRFLOW_CTX_DAG_RUN_ID='manual__2025-02-01T14:54:09.519531+00:00'
[2025-02-01T14:55:22.158+0000] {logging_mixin.py:190} INFO - Task instance is in running state
[2025-02-01T14:55:22.159+0000] {logging_mixin.py:190} INFO -  Previous state of the Task instance: queued
[2025-02-01T14:55:22.159+0000] {logging_mixin.py:190} INFO - Current task name:load state:running start_date:2025-02-01 14:55:21.999527+00:00
[2025-02-01T14:55:22.160+0000] {logging_mixin.py:190} INFO - Dag name:etl_pipeline and current dag run status:running
[2025-02-01T14:55:22.160+0000] {taskinstance.py:731} INFO - ::endgroup::
[2025-02-01T14:55:22.203+0000] {_universal.py:509} INFO - Request URL: 'https://myaccount123xyz.blob.core.windows.net/gold/data/data_gold.csv'
Request method: 'GET'
Request headers:
    'x-ms-range': 'REDACTED'
    'x-ms-version': 'REDACTED'
    'Accept': 'application/xml'
    'User-Agent': 'azsdk-python-storage-blob/12.24.0 Python/3.12.8 (Linux-5.15.167.4-microsoft-standard-WSL2-x86_64-with-glibc2.36)'
    'x-ms-date': 'REDACTED'
    'x-ms-client-request-id': '8fb8e2e2-e0ac-11ef-ab3c-0242ac130006'
    'Authorization': 'REDACTED'
No body was attached to the request
[2025-02-01T14:55:22.466+0000] {_universal.py:545} INFO - Response status: 404
Response headers:
    'Content-Length': '215'
    'Content-Type': 'application/xml'
    'Server': 'Windows-Azure-Blob/1.0 Microsoft-HTTPAPI/2.0'
    'x-ms-request-id': '879386d2-701e-000a-72b9-747164000000'
    'x-ms-client-request-id': '8fb8e2e2-e0ac-11ef-ab3c-0242ac130006'
    'x-ms-version': 'REDACTED'
    'x-ms-is-soft-deleted': 'REDACTED'
    'x-ms-error-code': 'BlobNotFound'
    'Date': 'Sat, 01 Feb 2025 14:55:15 GMT'
[2025-02-01T14:55:22.467+0000] {logging_mixin.py:190} INFO - Blob 'data/data_gold.csv' does not exist or is empty. Creating a new one.
[2025-02-01T14:55:22.471+0000] {_universal.py:506} INFO - Request URL: 'https://myaccount123xyz.blob.core.windows.net/gold/data/data_gold.csv'
Request method: 'PUT'
Request headers:
    'Content-Length': '24988'
    'x-ms-blob-type': 'REDACTED'
    'x-ms-version': 'REDACTED'
    'Content-Type': 'application/octet-stream'
    'Accept': 'application/xml'
    'User-Agent': 'azsdk-python-storage-blob/12.24.0 Python/3.12.8 (Linux-5.15.167.4-microsoft-standard-WSL2-x86_64-with-glibc2.36)'
    'x-ms-date': 'REDACTED'
    'x-ms-client-request-id': '8fe1e282-e0ac-11ef-ab3c-0242ac130006'
    'Authorization': 'REDACTED'
A body is sent with the request
[2025-02-01T14:55:22.592+0000] {_universal.py:545} INFO - Response status: 201
Response headers:
    'Content-Length': '0'
    'Content-MD5': 'REDACTED'
    'Last-Modified': 'Sat, 01 Feb 2025 14:55:16 GMT'
    'ETag': '"0x8DD42D07049DF4C"'
    'Server': 'Windows-Azure-Blob/1.0 Microsoft-HTTPAPI/2.0'
    'x-ms-request-id': '87938724-701e-000a-3bb9-747164000000'
    'x-ms-client-request-id': '8fe1e282-e0ac-11ef-ab3c-0242ac130006'
    'x-ms-version': 'REDACTED'
    'x-ms-content-crc64': 'REDACTED'
    'x-ms-request-server-encrypted': 'REDACTED'
    'Date': 'Sat, 01 Feb 2025 14:55:15 GMT'
[2025-02-01T14:55:22.593+0000] {logging_mixin.py:190} INFO - Data appended successfully to blob 'data/data_gold.csv' in container 'gold'!
[2025-02-01T14:55:22.594+0000] {python.py:240} INFO - Done. Returned value was:                                  Company Name  ...            Role
0                              Sofrecom Maroc  ...  Data Scientist
1                                   Infomineo  ...  Data Scientist
2                                       Jabil  ...  Data Scientist
3    CoachHub - The digital coaching platform  ...  Data Scientist
4                                    Artefact  ...  Data Scientist
..                                        ...  ...             ...
265                                    Oracle  ...          DevOps
268                                  Intetics  ...          DevOps
270                                  Deloitte  ...  Cloud Engineer
271                                       CGI  ...  Cloud Engineer
272                          Allianz Services  ...  Cloud Engineer

[186 rows x 11 columns]
[2025-02-01T14:55:22.655+0000] {taskinstance.py:340} INFO - ::group::Post task execution logs
[2025-02-01T14:55:22.656+0000] {taskinstance.py:352} INFO - Marking task as SUCCESS. dag_id=etl_pipeline, task_id=load, run_id=manual__2025-02-01T14:54:09.519531+00:00, execution_date=20250201T145409, start_date=20250201T145521, end_date=20250201T145522
[2025-02-01T14:55:22.665+0000] {logging_mixin.py:190} INFO - Task instance in success state
[2025-02-01T14:55:22.665+0000] {logging_mixin.py:190} INFO -  Previous state of the Task instance: running
[2025-02-01T14:55:22.666+0000] {logging_mixin.py:190} INFO - Dag name:etl_pipeline queued_at:2025-02-01 14:54:09.534738+00:00
[2025-02-01T14:55:22.666+0000] {logging_mixin.py:190} INFO - Task hostname:62152b012983 operator:PythonOperator
[2025-02-01T14:55:22.682+0000] {local_task_job_runner.py:266} INFO - Task exited with return code 0
[2025-02-01T14:55:22.695+0000] {taskinstance.py:3895} INFO - 0 downstream tasks scheduled from follow-on schedule check
[2025-02-01T14:55:22.698+0000] {local_task_job_runner.py:245} INFO - ::endgroup::
