[2025-02-01T14:54:13.952+0000] {local_task_job_runner.py:123} INFO - ::group::Pre task execution logs
[2025-02-01T14:54:13.967+0000] {taskinstance.py:2613} INFO - Dependencies all met for dep_context=non-requeueable deps ti=<TaskInstance: etl_pipeline.extract manual__2025-02-01T14:54:09.519531+00:00 [queued]>
[2025-02-01T14:54:13.974+0000] {taskinstance.py:2613} INFO - Dependencies all met for dep_context=requeueable deps ti=<TaskInstance: etl_pipeline.extract manual__2025-02-01T14:54:09.519531+00:00 [queued]>
[2025-02-01T14:54:13.975+0000] {taskinstance.py:2866} INFO - Starting attempt 1 of 2
[2025-02-01T14:54:14.008+0000] {taskinstance.py:2889} INFO - Executing <Task(PythonOperator): extract> on 2025-02-01 14:54:09.519531+00:00
[2025-02-01T14:54:14.021+0000] {standard_task_runner.py:104} INFO - Running: ['***', 'tasks', 'run', 'etl_pipeline', 'extract', 'manual__2025-02-01T14:54:09.519531+00:00', '--job-id', '84', '--raw', '--subdir', 'DAGS_FOLDER/DAG.py', '--cfg-path', '/tmp/tmpcmskb_fv']
[2025-02-01T14:54:14.026+0000] {standard_task_runner.py:105} INFO - Job 84: Subtask extract
[2025-02-01T14:54:14.035+0000] {warnings.py:112} WARNING - /home/***/.local/lib/python3.12/site-packages/***/task/task_runner/standard_task_runner.py:70: DeprecationWarning: This process (pid=75) is multi-threaded, use of fork() may lead to deadlocks in the child.
  pid = os.fork()

[2025-02-01T14:54:14.036+0000] {standard_task_runner.py:72} INFO - Started process 77 to run task
[2025-02-01T14:54:15.306+0000] {task_command.py:467} INFO - Running <TaskInstance: etl_pipeline.extract manual__2025-02-01T14:54:09.519531+00:00 [running]> on host 62152b012983
[2025-02-01T14:54:15.936+0000] {taskinstance.py:3132} INFO - Exporting env vars: AIRFLOW_CTX_DAG_OWNER='***' AIRFLOW_CTX_DAG_ID='etl_pipeline' AIRFLOW_CTX_TASK_ID='extract' AIRFLOW_CTX_EXECUTION_DATE='2025-02-01T14:54:09.519531+00:00' AIRFLOW_CTX_TRY_NUMBER='1' AIRFLOW_CTX_DAG_RUN_ID='manual__2025-02-01T14:54:09.519531+00:00'
[2025-02-01T14:54:15.940+0000] {logging_mixin.py:190} INFO - Task instance is in running state
[2025-02-01T14:54:15.941+0000] {logging_mixin.py:190} INFO -  Previous state of the Task instance: queued
[2025-02-01T14:54:15.942+0000] {logging_mixin.py:190} INFO - Current task name:extract state:running start_date:2025-02-01 14:54:13.968113+00:00
[2025-02-01T14:54:15.943+0000] {logging_mixin.py:190} INFO - Dag name:etl_pipeline and current dag run status:running
[2025-02-01T14:54:15.944+0000] {taskinstance.py:731} INFO - ::endgroup::
[2025-02-01T14:55:14.315+0000] {_universal.py:509} INFO - Request URL: 'https://myaccount123xyz.blob.core.windows.net/bronze/data/data_bronze.csv'
Request method: 'GET'
Request headers:
    'x-ms-range': 'REDACTED'
    'x-ms-version': 'REDACTED'
    'Accept': 'application/xml'
    'User-Agent': 'azsdk-python-storage-blob/12.24.0 Python/3.12.8 (Linux-5.15.167.4-microsoft-standard-WSL2-x86_64-with-glibc2.36)'
    'x-ms-date': 'REDACTED'
    'x-ms-client-request-id': '8b053f16-e0ac-11ef-ae5a-0242ac130006'
    'Authorization': 'REDACTED'
No body was attached to the request
[2025-02-01T14:55:14.668+0000] {_universal.py:545} INFO - Response status: 404
Response headers:
    'Content-Length': '215'
    'Content-Type': 'application/xml'
    'Server': 'Windows-Azure-Blob/1.0 Microsoft-HTTPAPI/2.0'
    'x-ms-request-id': '258d1a17-f01e-0014-67b9-749dbc000000'
    'x-ms-client-request-id': '8b053f16-e0ac-11ef-ae5a-0242ac130006'
    'x-ms-version': 'REDACTED'
    'x-ms-is-soft-deleted': 'REDACTED'
    'x-ms-error-code': 'BlobNotFound'
    'Date': 'Sat, 01 Feb 2025 14:55:07 GMT'
[2025-02-01T14:55:14.671+0000] {logging_mixin.py:190} INFO - Blob 'data/data_bronze.csv' does not exist or is empty. Creating a new one.
[2025-02-01T14:55:14.703+0000] {_universal.py:506} INFO - Request URL: 'https://myaccount123xyz.blob.core.windows.net/bronze/data/data_bronze.csv'
Request method: 'PUT'
Request headers:
    'Content-Length': '858586'
    'x-ms-blob-type': 'REDACTED'
    'x-ms-version': 'REDACTED'
    'Content-Type': 'application/octet-stream'
    'Accept': 'application/xml'
    'User-Agent': 'azsdk-python-storage-blob/12.24.0 Python/3.12.8 (Linux-5.15.167.4-microsoft-standard-WSL2-x86_64-with-glibc2.36)'
    'x-ms-date': 'REDACTED'
    'x-ms-client-request-id': '8b40804e-e0ac-11ef-ae5a-0242ac130006'
    'Authorization': 'REDACTED'
A body is sent with the request
[2025-02-01T14:55:15.207+0000] {_universal.py:545} INFO - Response status: 201
Response headers:
    'Content-Length': '0'
    'Content-MD5': 'REDACTED'
    'Last-Modified': 'Sat, 01 Feb 2025 14:55:08 GMT'
    'ETag': '"0x8DD42D06BE0E44B"'
    'Server': 'Windows-Azure-Blob/1.0 Microsoft-HTTPAPI/2.0'
    'x-ms-request-id': '258d1a8d-f01e-0014-4eb9-749dbc000000'
    'x-ms-client-request-id': '8b40804e-e0ac-11ef-ae5a-0242ac130006'
    'x-ms-version': 'REDACTED'
    'x-ms-content-crc64': 'REDACTED'
    'x-ms-request-server-encrypted': 'REDACTED'
    'Date': 'Sat, 01 Feb 2025 14:55:08 GMT'
[2025-02-01T14:55:15.209+0000] {logging_mixin.py:190} INFO - Data appended successfully to blob 'data/data_bronze.csv' in container 'bronze'!
[2025-02-01T14:55:15.315+0000] {python.py:240} INFO - Done. Returned value was:                                              Job Title  ...                                        Description
0                                 Data scientist (H/F)  ...  Vous êtes en quête de nouveaux challenges et v...
1    Data Analytics - Senior Data Scientist - Casab...  ...  About usInfomineo is a Brainshoring services c...
2    Senior Data Scientist – Machine Learning & Dee...  ...  POSITION OVERVIEWWe are seeking a highly skill...
3                                Senior Data Scientist  ...  CoachHub is on a mission to democratise coachi...
4                   Senior Data Scientist - Casablanca  ...  Who we are ?  Artefact is a new generation of ...
..                                                 ...  ...                                                ...
268                       580 | Senior DevOps Engineer  ...  Intetics Inc. is a leading American technology...
269                                    DEVOPS ENGINEER  ...  RIBATIS , Opérateur de la transformation digit...
270                      DevSecOps Cloud Architect F/H  ...  « Tous nos postes sont ouverts au télétravail ...
271                              Cloud Architect (F/H)  ...  Poste :Au sein de l’équipe, vous participerez ...
272                  Senior Cloud Architect - Data &AI  ...  | IT & Tech Engineering | Management | | Allia...

[273 rows x 4 columns]
[2025-02-01T14:55:15.554+0000] {taskinstance.py:340} INFO - ::group::Post task execution logs
[2025-02-01T14:55:15.555+0000] {taskinstance.py:352} INFO - Marking task as SUCCESS. dag_id=etl_pipeline, task_id=extract, run_id=manual__2025-02-01T14:54:09.519531+00:00, execution_date=20250201T145409, start_date=20250201T145413, end_date=20250201T145515
[2025-02-01T14:55:15.596+0000] {logging_mixin.py:190} INFO - Task instance in success state
[2025-02-01T14:55:15.597+0000] {logging_mixin.py:190} INFO -  Previous state of the Task instance: running
[2025-02-01T14:55:15.598+0000] {logging_mixin.py:190} INFO - Dag name:etl_pipeline queued_at:2025-02-01 14:54:09.534738+00:00
[2025-02-01T14:55:15.599+0000] {logging_mixin.py:190} INFO - Task hostname:62152b012983 operator:PythonOperator
[2025-02-01T14:55:15.619+0000] {local_task_job_runner.py:266} INFO - Task exited with return code 0
[2025-02-01T14:55:15.650+0000] {taskinstance.py:3895} INFO - 1 downstream tasks scheduled from follow-on schedule check
[2025-02-01T14:55:15.652+0000] {local_task_job_runner.py:245} INFO - ::endgroup::
