[2025-02-01T13:45:50.951+0000] {local_task_job_runner.py:123} INFO - ::group::Pre task execution logs
[2025-02-01T13:45:50.966+0000] {taskinstance.py:2613} INFO - Dependencies all met for dep_context=non-requeueable deps ti=<TaskInstance: etl_pipeline.extract manual__2025-02-01T13:45:45.417533+00:00 [queued]>
[2025-02-01T13:45:50.973+0000] {taskinstance.py:2613} INFO - Dependencies all met for dep_context=requeueable deps ti=<TaskInstance: etl_pipeline.extract manual__2025-02-01T13:45:45.417533+00:00 [queued]>
[2025-02-01T13:45:50.974+0000] {taskinstance.py:2866} INFO - Starting attempt 1 of 2
[2025-02-01T13:45:50.987+0000] {taskinstance.py:2889} INFO - Executing <Task(PythonOperator): extract> on 2025-02-01 13:45:45.417533+00:00
[2025-02-01T13:45:50.995+0000] {warnings.py:112} WARNING - /home/***/.local/lib/python3.12/site-packages/***/task/task_runner/standard_task_runner.py:70: DeprecationWarning: This process (pid=165) is multi-threaded, use of fork() may lead to deadlocks in the child.
  pid = os.fork()

[2025-02-01T13:45:50.997+0000] {standard_task_runner.py:72} INFO - Started process 167 to run task
[2025-02-01T13:45:50.997+0000] {standard_task_runner.py:104} INFO - Running: ['***', 'tasks', 'run', 'etl_pipeline', 'extract', 'manual__2025-02-01T13:45:45.417533+00:00', '--job-id', '74', '--raw', '--subdir', 'DAGS_FOLDER/DAG.py', '--cfg-path', '/tmp/tmpe5e0bs0b']
[2025-02-01T13:45:50.998+0000] {standard_task_runner.py:105} INFO - Job 74: Subtask extract
[2025-02-01T13:45:51.047+0000] {task_command.py:467} INFO - Running <TaskInstance: etl_pipeline.extract manual__2025-02-01T13:45:45.417533+00:00 [running]> on host 62152b012983
[2025-02-01T13:45:51.116+0000] {taskinstance.py:3132} INFO - Exporting env vars: AIRFLOW_CTX_DAG_OWNER='***' AIRFLOW_CTX_DAG_ID='etl_pipeline' AIRFLOW_CTX_TASK_ID='extract' AIRFLOW_CTX_EXECUTION_DATE='2025-02-01T13:45:45.417533+00:00' AIRFLOW_CTX_TRY_NUMBER='1' AIRFLOW_CTX_DAG_RUN_ID='manual__2025-02-01T13:45:45.417533+00:00'
[2025-02-01T13:45:51.118+0000] {logging_mixin.py:190} INFO - Task instance is in running state
[2025-02-01T13:45:51.118+0000] {logging_mixin.py:190} INFO -  Previous state of the Task instance: queued
[2025-02-01T13:45:51.119+0000] {logging_mixin.py:190} INFO - Current task name:extract state:running start_date:2025-02-01 13:45:50.967725+00:00
[2025-02-01T13:45:51.119+0000] {logging_mixin.py:190} INFO - Dag name:etl_pipeline and current dag run status:running
[2025-02-01T13:45:51.120+0000] {taskinstance.py:731} INFO - ::endgroup::
[2025-02-01T13:46:48.431+0000] {_universal.py:509} INFO - Request URL: 'https://myaccount123xyz.blob.core.windows.net/bronze/data/data_bronze.csv'
Request method: 'GET'
Request headers:
    'x-ms-range': 'REDACTED'
    'x-ms-version': 'REDACTED'
    'Accept': 'application/xml'
    'User-Agent': 'azsdk-python-storage-blob/12.24.0 Python/3.12.8 (Linux-5.15.167.4-microsoft-standard-WSL2-x86_64-with-glibc2.36)'
    'x-ms-date': 'REDACTED'
    'x-ms-client-request-id': 'fbb8e6cc-e0a2-11ef-81ff-0242ac130004'
    'Authorization': 'REDACTED'
No body was attached to the request
[2025-02-01T13:46:48.901+0000] {_universal.py:545} INFO - Response status: 206
Response headers:
    'Content-Length': '865022'
    'Content-Type': 'application/octet-stream'
    'Content-Range': 'REDACTED'
    'Last-Modified': 'Sat, 01 Feb 2025 13:37:57 GMT'
    'Accept-Ranges': 'REDACTED'
    'ETag': '"0x8DD42C5A36D8462"'
    'Server': 'Windows-Azure-Blob/1.0 Microsoft-HTTPAPI/2.0'
    'x-ms-request-id': 'b98c4788-101e-000c-4aaf-7442db000000'
    'x-ms-client-request-id': 'fbb8e6cc-e0a2-11ef-81ff-0242ac130004'
    'x-ms-version': 'REDACTED'
    'x-ms-creation-time': 'REDACTED'
    'x-ms-blob-content-md5': 'REDACTED'
    'x-ms-lease-status': 'REDACTED'
    'x-ms-lease-state': 'REDACTED'
    'x-ms-blob-type': 'REDACTED'
    'x-ms-server-encrypted': 'REDACTED'
    'Date': 'Sat, 01 Feb 2025 13:46:41 GMT'
[2025-02-01T13:46:49.402+0000] {_universal.py:506} INFO - Request URL: 'https://myaccount123xyz.blob.core.windows.net/bronze/data/data_bronze.csv'
Request method: 'PUT'
Request headers:
    'Content-Length': '1732023'
    'x-ms-blob-type': 'REDACTED'
    'x-ms-version': 'REDACTED'
    'Content-Type': 'application/octet-stream'
    'Accept': 'application/xml'
    'User-Agent': 'azsdk-python-storage-blob/12.24.0 Python/3.12.8 (Linux-5.15.167.4-microsoft-standard-WSL2-x86_64-with-glibc2.36)'
    'x-ms-date': 'REDACTED'
    'x-ms-client-request-id': 'fc4d4772-e0a2-11ef-81ff-0242ac130004'
    'Authorization': 'REDACTED'
A body is sent with the request
[2025-02-01T13:46:49.983+0000] {_universal.py:545} INFO - Response status: 201
Response headers:
    'Content-Length': '0'
    'Content-MD5': 'REDACTED'
    'Last-Modified': 'Sat, 01 Feb 2025 13:46:43 GMT'
    'ETag': '"0x8DD42C6DCF54E96"'
    'Server': 'Windows-Azure-Blob/1.0 Microsoft-HTTPAPI/2.0'
    'x-ms-request-id': 'b98c4a10-101e-000c-04af-7442db000000'
    'x-ms-client-request-id': 'fc4d4772-e0a2-11ef-81ff-0242ac130004'
    'x-ms-version': 'REDACTED'
    'x-ms-content-crc64': 'REDACTED'
    'x-ms-request-server-encrypted': 'REDACTED'
    'Date': 'Sat, 01 Feb 2025 13:46:42 GMT'
[2025-02-01T13:46:49.985+0000] {logging_mixin.py:190} INFO - Data appended successfully to blob 'data/data_bronze.csv' in container 'bronze'!
[2025-02-01T13:46:50.062+0000] {python.py:240} INFO - Done. Returned value was:                                              Job Title  ...                                        Description
0                                       Data Scientist  ...  Référence 240001ZX   Vos missions au quotidien...
1    Data Analytics - Senior Data Scientist - Casab...  ...  About usInfomineo is a Brainshoring services c...
2                                 Data scientist (H/F)  ...  Vous êtes en quête de nouveaux challenges et v...
3                                Senior Data Scientist  ...  CoachHub is on a mission to democratise coachi...
4    Senior Data Scientist – Machine Learning & Dee...  ...  POSITION OVERVIEWWe are seeking a highly skill...
..                                                 ...  ...                                                ...
273                             Senior DevOps Engineer  ...  We are a boutique cloud consulting company sea...
274                                    DevOps Engineer  ...  Job Description  DevOps Engineer - R&D  Locati...
275                  Senior Cloud Architect - Data &AI  ...  | IT & Tech Engineering | Management | | Allia...
276                      DevSecOps Cloud Architect F/H  ...  « Tous nos postes sont ouverts au télétravail ...
277                              Cloud Architect (F/H)  ...  Poste :Au sein de l’équipe, vous participerez ...

[278 rows x 4 columns]
[2025-02-01T13:46:50.237+0000] {taskinstance.py:340} INFO - ::group::Post task execution logs
[2025-02-01T13:46:50.238+0000] {taskinstance.py:352} INFO - Marking task as SUCCESS. dag_id=etl_pipeline, task_id=extract, run_id=manual__2025-02-01T13:45:45.417533+00:00, execution_date=20250201T134545, start_date=20250201T134550, end_date=20250201T134650
[2025-02-01T13:46:50.251+0000] {logging_mixin.py:190} INFO - Task instance in success state
[2025-02-01T13:46:50.252+0000] {logging_mixin.py:190} INFO -  Previous state of the Task instance: running
[2025-02-01T13:46:50.252+0000] {logging_mixin.py:190} INFO - Dag name:etl_pipeline queued_at:2025-02-01 13:45:45.441108+00:00
[2025-02-01T13:46:50.253+0000] {logging_mixin.py:190} INFO - Task hostname:62152b012983 operator:PythonOperator
[2025-02-01T13:46:50.291+0000] {local_task_job_runner.py:266} INFO - Task exited with return code 0
[2025-02-01T13:46:50.318+0000] {taskinstance.py:3895} INFO - 1 downstream tasks scheduled from follow-on schedule check
[2025-02-01T13:46:50.323+0000] {local_task_job_runner.py:245} INFO - ::endgroup::
