[2025-02-01T11:19:39.527+0000] {processor.py:186} INFO - Started process (PID=119) to work on /home/airflow/.local/lib/python3.12/site-packages/airflow/example_dags/example_datasets.py
[2025-02-01T11:19:39.528+0000] {processor.py:914} INFO - Processing file /home/airflow/.local/lib/python3.12/site-packages/airflow/example_dags/example_datasets.py for tasks to queue
[2025-02-01T11:19:39.532+0000] {logging_mixin.py:190} INFO - [2025-02-01T11:19:39.531+0000] {dagbag.py:588} INFO - Filling up the DagBag from /home/airflow/.local/lib/python3.12/site-packages/airflow/example_dags/example_datasets.py
[2025-02-01T11:19:40.207+0000] {processor.py:925} INFO - DAG(s) 'dataset_consumes_1_and_2', 'dataset_consumes_1_never_scheduled', 'dataset_produces_2', 'dataset_consumes_1', 'consume_1_or_2_with_dataset_expressions', 'consume_1_or_both_2_and_3_with_dataset_expressions', 'conditional_dataset_and_time_based_timetable', 'dataset_produces_1', 'consume_1_and_2_with_dataset_expressions', 'dataset_consumes_unknown_never_scheduled' retrieved from /home/airflow/.local/lib/python3.12/site-packages/airflow/example_dags/example_datasets.py
[2025-02-01T11:19:40.299+0000] {logging_mixin.py:190} INFO - [2025-02-01T11:19:40.298+0000] {override.py:1911} INFO - Created Permission View: can edit on DAG:dataset_consumes_1_and_2
[2025-02-01T11:19:40.314+0000] {logging_mixin.py:190} INFO - [2025-02-01T11:19:40.313+0000] {override.py:1911} INFO - Created Permission View: can read on DAG:dataset_consumes_1_and_2
[2025-02-01T11:19:40.320+0000] {logging_mixin.py:190} INFO - [2025-02-01T11:19:40.319+0000] {override.py:1911} INFO - Created Permission View: can delete on DAG:dataset_consumes_1_and_2
[2025-02-01T11:19:40.327+0000] {logging_mixin.py:190} INFO - [2025-02-01T11:19:40.327+0000] {override.py:1911} INFO - Created Permission View: menu access on DAG Run:dataset_consumes_1_and_2
[2025-02-01T11:19:40.333+0000] {logging_mixin.py:190} INFO - [2025-02-01T11:19:40.333+0000] {override.py:1911} INFO - Created Permission View: can create on DAG Run:dataset_consumes_1_and_2
[2025-02-01T11:19:40.339+0000] {logging_mixin.py:190} INFO - [2025-02-01T11:19:40.339+0000] {override.py:1911} INFO - Created Permission View: can read on DAG Run:dataset_consumes_1_and_2
[2025-02-01T11:19:40.345+0000] {logging_mixin.py:190} INFO - [2025-02-01T11:19:40.345+0000] {override.py:1911} INFO - Created Permission View: can delete on DAG Run:dataset_consumes_1_and_2
[2025-02-01T11:19:40.356+0000] {logging_mixin.py:190} INFO - [2025-02-01T11:19:40.355+0000] {override.py:1911} INFO - Created Permission View: can edit on DAG:dataset_consumes_1_never_scheduled
[2025-02-01T11:19:40.361+0000] {logging_mixin.py:190} INFO - [2025-02-01T11:19:40.360+0000] {override.py:1911} INFO - Created Permission View: can read on DAG:dataset_consumes_1_never_scheduled
[2025-02-01T11:19:40.366+0000] {logging_mixin.py:190} INFO - [2025-02-01T11:19:40.366+0000] {override.py:1911} INFO - Created Permission View: can delete on DAG:dataset_consumes_1_never_scheduled
[2025-02-01T11:19:40.376+0000] {logging_mixin.py:190} INFO - [2025-02-01T11:19:40.375+0000] {override.py:1911} INFO - Created Permission View: menu access on DAG Run:dataset_consumes_1_never_scheduled
[2025-02-01T11:19:40.382+0000] {logging_mixin.py:190} INFO - [2025-02-01T11:19:40.382+0000] {override.py:1911} INFO - Created Permission View: can create on DAG Run:dataset_consumes_1_never_scheduled
[2025-02-01T11:19:40.387+0000] {logging_mixin.py:190} INFO - [2025-02-01T11:19:40.387+0000] {override.py:1911} INFO - Created Permission View: can read on DAG Run:dataset_consumes_1_never_scheduled
[2025-02-01T11:19:40.393+0000] {logging_mixin.py:190} INFO - [2025-02-01T11:19:40.393+0000] {override.py:1911} INFO - Created Permission View: can delete on DAG Run:dataset_consumes_1_never_scheduled
[2025-02-01T11:19:40.404+0000] {logging_mixin.py:190} INFO - [2025-02-01T11:19:40.404+0000] {override.py:1911} INFO - Created Permission View: can edit on DAG:dataset_produces_2
[2025-02-01T11:19:40.410+0000] {logging_mixin.py:190} INFO - [2025-02-01T11:19:40.410+0000] {override.py:1911} INFO - Created Permission View: can read on DAG:dataset_produces_2
[2025-02-01T11:19:40.415+0000] {logging_mixin.py:190} INFO - [2025-02-01T11:19:40.415+0000] {override.py:1911} INFO - Created Permission View: can delete on DAG:dataset_produces_2
[2025-02-01T11:19:40.422+0000] {logging_mixin.py:190} INFO - [2025-02-01T11:19:40.422+0000] {override.py:1911} INFO - Created Permission View: menu access on DAG Run:dataset_produces_2
[2025-02-01T11:19:40.427+0000] {logging_mixin.py:190} INFO - [2025-02-01T11:19:40.427+0000] {override.py:1911} INFO - Created Permission View: can create on DAG Run:dataset_produces_2
[2025-02-01T11:19:40.433+0000] {logging_mixin.py:190} INFO - [2025-02-01T11:19:40.433+0000] {override.py:1911} INFO - Created Permission View: can read on DAG Run:dataset_produces_2
[2025-02-01T11:19:40.441+0000] {logging_mixin.py:190} INFO - [2025-02-01T11:19:40.441+0000] {override.py:1911} INFO - Created Permission View: can delete on DAG Run:dataset_produces_2
[2025-02-01T11:19:40.454+0000] {logging_mixin.py:190} INFO - [2025-02-01T11:19:40.454+0000] {override.py:1911} INFO - Created Permission View: can edit on DAG:dataset_consumes_1
[2025-02-01T11:19:40.460+0000] {logging_mixin.py:190} INFO - [2025-02-01T11:19:40.460+0000] {override.py:1911} INFO - Created Permission View: can read on DAG:dataset_consumes_1
[2025-02-01T11:19:40.467+0000] {logging_mixin.py:190} INFO - [2025-02-01T11:19:40.466+0000] {override.py:1911} INFO - Created Permission View: can delete on DAG:dataset_consumes_1
[2025-02-01T11:19:40.475+0000] {logging_mixin.py:190} INFO - [2025-02-01T11:19:40.474+0000] {override.py:1911} INFO - Created Permission View: menu access on DAG Run:dataset_consumes_1
[2025-02-01T11:19:40.481+0000] {logging_mixin.py:190} INFO - [2025-02-01T11:19:40.481+0000] {override.py:1911} INFO - Created Permission View: can create on DAG Run:dataset_consumes_1
[2025-02-01T11:19:40.488+0000] {logging_mixin.py:190} INFO - [2025-02-01T11:19:40.487+0000] {override.py:1911} INFO - Created Permission View: can read on DAG Run:dataset_consumes_1
[2025-02-01T11:19:40.493+0000] {logging_mixin.py:190} INFO - [2025-02-01T11:19:40.493+0000] {override.py:1911} INFO - Created Permission View: can delete on DAG Run:dataset_consumes_1
[2025-02-01T11:19:40.505+0000] {logging_mixin.py:190} INFO - [2025-02-01T11:19:40.505+0000] {override.py:1911} INFO - Created Permission View: can edit on DAG:consume_1_or_2_with_dataset_expressions
[2025-02-01T11:19:40.511+0000] {logging_mixin.py:190} INFO - [2025-02-01T11:19:40.511+0000] {override.py:1911} INFO - Created Permission View: can read on DAG:consume_1_or_2_with_dataset_expressions
[2025-02-01T11:19:40.517+0000] {logging_mixin.py:190} INFO - [2025-02-01T11:19:40.517+0000] {override.py:1911} INFO - Created Permission View: can delete on DAG:consume_1_or_2_with_dataset_expressions
[2025-02-01T11:19:40.524+0000] {logging_mixin.py:190} INFO - [2025-02-01T11:19:40.524+0000] {override.py:1911} INFO - Created Permission View: menu access on DAG Run:consume_1_or_2_with_dataset_expressions
[2025-02-01T11:19:40.532+0000] {logging_mixin.py:190} INFO - [2025-02-01T11:19:40.532+0000] {override.py:1911} INFO - Created Permission View: can create on DAG Run:consume_1_or_2_with_dataset_expressions
[2025-02-01T11:19:40.541+0000] {logging_mixin.py:190} INFO - [2025-02-01T11:19:40.541+0000] {override.py:1911} INFO - Created Permission View: can read on DAG Run:consume_1_or_2_with_dataset_expressions
[2025-02-01T11:19:40.548+0000] {logging_mixin.py:190} INFO - [2025-02-01T11:19:40.547+0000] {override.py:1911} INFO - Created Permission View: can delete on DAG Run:consume_1_or_2_with_dataset_expressions
[2025-02-01T11:19:40.560+0000] {logging_mixin.py:190} INFO - [2025-02-01T11:19:40.560+0000] {override.py:1911} INFO - Created Permission View: can edit on DAG:consume_1_or_both_2_and_3_with_dataset_expressions
[2025-02-01T11:19:40.566+0000] {logging_mixin.py:190} INFO - [2025-02-01T11:19:40.566+0000] {override.py:1911} INFO - Created Permission View: can read on DAG:consume_1_or_both_2_and_3_with_dataset_expressions
[2025-02-01T11:19:40.572+0000] {logging_mixin.py:190} INFO - [2025-02-01T11:19:40.572+0000] {override.py:1911} INFO - Created Permission View: can delete on DAG:consume_1_or_both_2_and_3_with_dataset_expressions
[2025-02-01T11:19:40.579+0000] {logging_mixin.py:190} INFO - [2025-02-01T11:19:40.579+0000] {override.py:1911} INFO - Created Permission View: menu access on DAG Run:consume_1_or_both_2_and_3_with_dataset_expressions
[2025-02-01T11:19:40.585+0000] {logging_mixin.py:190} INFO - [2025-02-01T11:19:40.585+0000] {override.py:1911} INFO - Created Permission View: can create on DAG Run:consume_1_or_both_2_and_3_with_dataset_expressions
[2025-02-01T11:19:40.592+0000] {logging_mixin.py:190} INFO - [2025-02-01T11:19:40.591+0000] {override.py:1911} INFO - Created Permission View: can read on DAG Run:consume_1_or_both_2_and_3_with_dataset_expressions
[2025-02-01T11:19:40.598+0000] {logging_mixin.py:190} INFO - [2025-02-01T11:19:40.598+0000] {override.py:1911} INFO - Created Permission View: can delete on DAG Run:consume_1_or_both_2_and_3_with_dataset_expressions
[2025-02-01T11:19:40.611+0000] {logging_mixin.py:190} INFO - [2025-02-01T11:19:40.610+0000] {override.py:1911} INFO - Created Permission View: can edit on DAG:conditional_dataset_and_time_based_timetable
[2025-02-01T11:19:40.617+0000] {logging_mixin.py:190} INFO - [2025-02-01T11:19:40.617+0000] {override.py:1911} INFO - Created Permission View: can read on DAG:conditional_dataset_and_time_based_timetable
[2025-02-01T11:19:40.623+0000] {logging_mixin.py:190} INFO - [2025-02-01T11:19:40.623+0000] {override.py:1911} INFO - Created Permission View: can delete on DAG:conditional_dataset_and_time_based_timetable
[2025-02-01T11:19:40.632+0000] {logging_mixin.py:190} INFO - [2025-02-01T11:19:40.631+0000] {override.py:1911} INFO - Created Permission View: menu access on DAG Run:conditional_dataset_and_time_based_timetable
[2025-02-01T11:19:40.639+0000] {logging_mixin.py:190} INFO - [2025-02-01T11:19:40.638+0000] {override.py:1911} INFO - Created Permission View: can create on DAG Run:conditional_dataset_and_time_based_timetable
[2025-02-01T11:19:40.644+0000] {logging_mixin.py:190} INFO - [2025-02-01T11:19:40.644+0000] {override.py:1911} INFO - Created Permission View: can read on DAG Run:conditional_dataset_and_time_based_timetable
[2025-02-01T11:19:40.651+0000] {logging_mixin.py:190} INFO - [2025-02-01T11:19:40.651+0000] {override.py:1911} INFO - Created Permission View: can delete on DAG Run:conditional_dataset_and_time_based_timetable
[2025-02-01T11:19:40.662+0000] {logging_mixin.py:190} INFO - [2025-02-01T11:19:40.662+0000] {override.py:1911} INFO - Created Permission View: can edit on DAG:dataset_produces_1
[2025-02-01T11:19:40.669+0000] {logging_mixin.py:190} INFO - [2025-02-01T11:19:40.669+0000] {override.py:1911} INFO - Created Permission View: can read on DAG:dataset_produces_1
[2025-02-01T11:19:40.675+0000] {logging_mixin.py:190} INFO - [2025-02-01T11:19:40.675+0000] {override.py:1911} INFO - Created Permission View: can delete on DAG:dataset_produces_1
[2025-02-01T11:19:40.683+0000] {logging_mixin.py:190} INFO - [2025-02-01T11:19:40.683+0000] {override.py:1911} INFO - Created Permission View: menu access on DAG Run:dataset_produces_1
[2025-02-01T11:19:40.689+0000] {logging_mixin.py:190} INFO - [2025-02-01T11:19:40.689+0000] {override.py:1911} INFO - Created Permission View: can create on DAG Run:dataset_produces_1
[2025-02-01T11:19:40.696+0000] {logging_mixin.py:190} INFO - [2025-02-01T11:19:40.695+0000] {override.py:1911} INFO - Created Permission View: can read on DAG Run:dataset_produces_1
[2025-02-01T11:19:40.705+0000] {logging_mixin.py:190} INFO - [2025-02-01T11:19:40.705+0000] {override.py:1911} INFO - Created Permission View: can delete on DAG Run:dataset_produces_1
[2025-02-01T11:19:40.718+0000] {logging_mixin.py:190} INFO - [2025-02-01T11:19:40.717+0000] {override.py:1911} INFO - Created Permission View: can edit on DAG:consume_1_and_2_with_dataset_expressions
[2025-02-01T11:19:40.724+0000] {logging_mixin.py:190} INFO - [2025-02-01T11:19:40.724+0000] {override.py:1911} INFO - Created Permission View: can read on DAG:consume_1_and_2_with_dataset_expressions
[2025-02-01T11:19:40.731+0000] {logging_mixin.py:190} INFO - [2025-02-01T11:19:40.731+0000] {override.py:1911} INFO - Created Permission View: can delete on DAG:consume_1_and_2_with_dataset_expressions
[2025-02-01T11:19:40.739+0000] {logging_mixin.py:190} INFO - [2025-02-01T11:19:40.738+0000] {override.py:1911} INFO - Created Permission View: menu access on DAG Run:consume_1_and_2_with_dataset_expressions
[2025-02-01T11:19:40.747+0000] {logging_mixin.py:190} INFO - [2025-02-01T11:19:40.746+0000] {override.py:1911} INFO - Created Permission View: can create on DAG Run:consume_1_and_2_with_dataset_expressions
[2025-02-01T11:19:40.752+0000] {logging_mixin.py:190} INFO - [2025-02-01T11:19:40.752+0000] {override.py:1911} INFO - Created Permission View: can read on DAG Run:consume_1_and_2_with_dataset_expressions
[2025-02-01T11:19:40.759+0000] {logging_mixin.py:190} INFO - [2025-02-01T11:19:40.759+0000] {override.py:1911} INFO - Created Permission View: can delete on DAG Run:consume_1_and_2_with_dataset_expressions
[2025-02-01T11:19:40.770+0000] {logging_mixin.py:190} INFO - [2025-02-01T11:19:40.770+0000] {override.py:1911} INFO - Created Permission View: can edit on DAG:dataset_consumes_unknown_never_scheduled
[2025-02-01T11:19:40.776+0000] {logging_mixin.py:190} INFO - [2025-02-01T11:19:40.776+0000] {override.py:1911} INFO - Created Permission View: can read on DAG:dataset_consumes_unknown_never_scheduled
[2025-02-01T11:19:40.782+0000] {logging_mixin.py:190} INFO - [2025-02-01T11:19:40.782+0000] {override.py:1911} INFO - Created Permission View: can delete on DAG:dataset_consumes_unknown_never_scheduled
[2025-02-01T11:19:40.791+0000] {logging_mixin.py:190} INFO - [2025-02-01T11:19:40.791+0000] {override.py:1911} INFO - Created Permission View: menu access on DAG Run:dataset_consumes_unknown_never_scheduled
[2025-02-01T11:19:40.798+0000] {logging_mixin.py:190} INFO - [2025-02-01T11:19:40.798+0000] {override.py:1911} INFO - Created Permission View: can create on DAG Run:dataset_consumes_unknown_never_scheduled
[2025-02-01T11:19:40.803+0000] {logging_mixin.py:190} INFO - [2025-02-01T11:19:40.803+0000] {override.py:1911} INFO - Created Permission View: can read on DAG Run:dataset_consumes_unknown_never_scheduled
[2025-02-01T11:19:40.809+0000] {logging_mixin.py:190} INFO - [2025-02-01T11:19:40.809+0000] {override.py:1911} INFO - Created Permission View: can delete on DAG Run:dataset_consumes_unknown_never_scheduled
[2025-02-01T11:19:40.810+0000] {logging_mixin.py:190} INFO - [2025-02-01T11:19:40.810+0000] {dag.py:3239} INFO - Sync 10 DAGs
[2025-02-01T11:19:40.823+0000] {logging_mixin.py:190} INFO - [2025-02-01T11:19:40.822+0000] {dag.py:3262} INFO - Creating ORM DAG for dataset_consumes_1_never_scheduled
[2025-02-01T11:19:40.824+0000] {logging_mixin.py:190} INFO - [2025-02-01T11:19:40.824+0000] {dag.py:3262} INFO - Creating ORM DAG for consume_1_or_both_2_and_3_with_dataset_expressions
[2025-02-01T11:19:40.825+0000] {logging_mixin.py:190} INFO - [2025-02-01T11:19:40.825+0000] {dag.py:3262} INFO - Creating ORM DAG for consume_1_or_2_with_dataset_expressions
[2025-02-01T11:19:40.826+0000] {logging_mixin.py:190} INFO - [2025-02-01T11:19:40.826+0000] {dag.py:3262} INFO - Creating ORM DAG for dataset_produces_2
[2025-02-01T11:19:40.827+0000] {logging_mixin.py:190} INFO - [2025-02-01T11:19:40.827+0000] {dag.py:3262} INFO - Creating ORM DAG for dataset_consumes_unknown_never_scheduled
[2025-02-01T11:19:40.828+0000] {logging_mixin.py:190} INFO - [2025-02-01T11:19:40.828+0000] {dag.py:3262} INFO - Creating ORM DAG for dataset_produces_1
[2025-02-01T11:19:40.828+0000] {logging_mixin.py:190} INFO - [2025-02-01T11:19:40.828+0000] {dag.py:3262} INFO - Creating ORM DAG for conditional_dataset_and_time_based_timetable
[2025-02-01T11:19:40.829+0000] {logging_mixin.py:190} INFO - [2025-02-01T11:19:40.829+0000] {dag.py:3262} INFO - Creating ORM DAG for consume_1_and_2_with_dataset_expressions
[2025-02-01T11:19:40.829+0000] {logging_mixin.py:190} INFO - [2025-02-01T11:19:40.829+0000] {dag.py:3262} INFO - Creating ORM DAG for dataset_consumes_1_and_2
[2025-02-01T11:19:40.830+0000] {logging_mixin.py:190} INFO - [2025-02-01T11:19:40.830+0000] {dag.py:3262} INFO - Creating ORM DAG for dataset_consumes_1
[2025-02-01T11:19:40.840+0000] {logging_mixin.py:190} INFO - [2025-02-01T11:19:40.839+0000] {dag.py:4180} INFO - Setting next_dagrun for conditional_dataset_and_time_based_timetable to 2025-01-29 01:00:00+00:00, run_after=2025-01-29 01:00:00+00:00
[2025-02-01T11:19:40.841+0000] {logging_mixin.py:190} INFO - [2025-02-01T11:19:40.841+0000] {dag.py:4180} INFO - Setting next_dagrun for consume_1_and_2_with_dataset_expressions to None, run_after=None
[2025-02-01T11:19:40.842+0000] {logging_mixin.py:190} INFO - [2025-02-01T11:19:40.842+0000] {dag.py:4180} INFO - Setting next_dagrun for consume_1_or_2_with_dataset_expressions to None, run_after=None
[2025-02-01T11:19:40.842+0000] {logging_mixin.py:190} INFO - [2025-02-01T11:19:40.842+0000] {dag.py:4180} INFO - Setting next_dagrun for consume_1_or_both_2_and_3_with_dataset_expressions to None, run_after=None
[2025-02-01T11:19:40.843+0000] {logging_mixin.py:190} INFO - [2025-02-01T11:19:40.843+0000] {dag.py:4180} INFO - Setting next_dagrun for dataset_consumes_1 to None, run_after=None
[2025-02-01T11:19:40.844+0000] {logging_mixin.py:190} INFO - [2025-02-01T11:19:40.844+0000] {dag.py:4180} INFO - Setting next_dagrun for dataset_consumes_1_and_2 to None, run_after=None
[2025-02-01T11:19:40.844+0000] {logging_mixin.py:190} INFO - [2025-02-01T11:19:40.844+0000] {dag.py:4180} INFO - Setting next_dagrun for dataset_consumes_1_never_scheduled to None, run_after=None
[2025-02-01T11:19:40.845+0000] {logging_mixin.py:190} INFO - [2025-02-01T11:19:40.845+0000] {dag.py:4180} INFO - Setting next_dagrun for dataset_consumes_unknown_never_scheduled to None, run_after=None
[2025-02-01T11:19:40.847+0000] {logging_mixin.py:190} INFO - [2025-02-01T11:19:40.847+0000] {dag.py:4180} INFO - Setting next_dagrun for dataset_produces_1 to 2025-01-31 00:00:00+00:00, run_after=2025-02-01 00:00:00+00:00
[2025-02-01T11:19:40.848+0000] {logging_mixin.py:190} INFO - [2025-02-01T11:19:40.848+0000] {dag.py:4180} INFO - Setting next_dagrun for dataset_produces_2 to None, run_after=None
[2025-02-01T11:19:40.890+0000] {processor.py:208} INFO - Processing /home/airflow/.local/lib/python3.12/site-packages/airflow/example_dags/example_datasets.py took 1.371 seconds
