[2025-02-01T11:19:36.597+0000] {processor.py:186} INFO - Started process (PID=107) to work on /home/airflow/.local/lib/python3.12/site-packages/airflow/example_dags/example_dataset_alias.py
[2025-02-01T11:19:36.598+0000] {processor.py:914} INFO - Processing file /home/airflow/.local/lib/python3.12/site-packages/airflow/example_dags/example_dataset_alias.py for tasks to queue
[2025-02-01T11:19:36.600+0000] {logging_mixin.py:190} INFO - [2025-02-01T11:19:36.600+0000] {dagbag.py:588} INFO - Filling up the DagBag from /home/airflow/.local/lib/python3.12/site-packages/airflow/example_dags/example_dataset_alias.py
[2025-02-01T11:19:37.392+0000] {processor.py:925} INFO - DAG(s) 'dataset_s3_bucket_producer', 'dataset_s3_bucket_consumer', 'dataset_alias_example_alias_consumer', 'dataset_alias_example_alias_producer' retrieved from /home/airflow/.local/lib/python3.12/site-packages/airflow/example_dags/example_dataset_alias.py
[2025-02-01T11:19:37.551+0000] {logging_mixin.py:190} INFO - [2025-02-01T11:19:37.550+0000] {override.py:1911} INFO - Created Permission View: can edit on DAG:dataset_s3_bucket_producer
[2025-02-01T11:19:37.613+0000] {logging_mixin.py:190} INFO - [2025-02-01T11:19:37.613+0000] {override.py:1911} INFO - Created Permission View: can read on DAG:dataset_s3_bucket_producer
[2025-02-01T11:19:37.684+0000] {logging_mixin.py:190} INFO - [2025-02-01T11:19:37.683+0000] {override.py:1911} INFO - Created Permission View: can delete on DAG:dataset_s3_bucket_producer
[2025-02-01T11:19:37.832+0000] {logging_mixin.py:190} INFO - [2025-02-01T11:19:37.832+0000] {override.py:1911} INFO - Created Permission View: menu access on DAG Run:dataset_s3_bucket_producer
[2025-02-01T11:19:37.863+0000] {logging_mixin.py:190} INFO - [2025-02-01T11:19:37.863+0000] {override.py:1911} INFO - Created Permission View: can create on DAG Run:dataset_s3_bucket_producer
[2025-02-01T11:19:37.872+0000] {logging_mixin.py:190} INFO - [2025-02-01T11:19:37.872+0000] {override.py:1911} INFO - Created Permission View: can read on DAG Run:dataset_s3_bucket_producer
[2025-02-01T11:19:37.879+0000] {logging_mixin.py:190} INFO - [2025-02-01T11:19:37.878+0000] {override.py:1911} INFO - Created Permission View: can delete on DAG Run:dataset_s3_bucket_producer
[2025-02-01T11:19:37.893+0000] {logging_mixin.py:190} INFO - [2025-02-01T11:19:37.893+0000] {override.py:1911} INFO - Created Permission View: can edit on DAG:dataset_s3_bucket_consumer
[2025-02-01T11:19:37.901+0000] {logging_mixin.py:190} INFO - [2025-02-01T11:19:37.900+0000] {override.py:1911} INFO - Created Permission View: can read on DAG:dataset_s3_bucket_consumer
[2025-02-01T11:19:37.907+0000] {logging_mixin.py:190} INFO - [2025-02-01T11:19:37.907+0000] {override.py:1911} INFO - Created Permission View: can delete on DAG:dataset_s3_bucket_consumer
[2025-02-01T11:19:37.915+0000] {logging_mixin.py:190} INFO - [2025-02-01T11:19:37.915+0000] {override.py:1911} INFO - Created Permission View: menu access on DAG Run:dataset_s3_bucket_consumer
[2025-02-01T11:19:37.921+0000] {logging_mixin.py:190} INFO - [2025-02-01T11:19:37.921+0000] {override.py:1911} INFO - Created Permission View: can create on DAG Run:dataset_s3_bucket_consumer
[2025-02-01T11:19:37.927+0000] {logging_mixin.py:190} INFO - [2025-02-01T11:19:37.927+0000] {override.py:1911} INFO - Created Permission View: can read on DAG Run:dataset_s3_bucket_consumer
[2025-02-01T11:19:37.934+0000] {logging_mixin.py:190} INFO - [2025-02-01T11:19:37.934+0000] {override.py:1911} INFO - Created Permission View: can delete on DAG Run:dataset_s3_bucket_consumer
[2025-02-01T11:19:37.946+0000] {logging_mixin.py:190} INFO - [2025-02-01T11:19:37.946+0000] {override.py:1911} INFO - Created Permission View: can edit on DAG:dataset_alias_example_alias_consumer
[2025-02-01T11:19:37.952+0000] {logging_mixin.py:190} INFO - [2025-02-01T11:19:37.952+0000] {override.py:1911} INFO - Created Permission View: can read on DAG:dataset_alias_example_alias_consumer
[2025-02-01T11:19:37.958+0000] {logging_mixin.py:190} INFO - [2025-02-01T11:19:37.958+0000] {override.py:1911} INFO - Created Permission View: can delete on DAG:dataset_alias_example_alias_consumer
[2025-02-01T11:19:37.966+0000] {logging_mixin.py:190} INFO - [2025-02-01T11:19:37.965+0000] {override.py:1911} INFO - Created Permission View: menu access on DAG Run:dataset_alias_example_alias_consumer
[2025-02-01T11:19:37.971+0000] {logging_mixin.py:190} INFO - [2025-02-01T11:19:37.971+0000] {override.py:1911} INFO - Created Permission View: can create on DAG Run:dataset_alias_example_alias_consumer
[2025-02-01T11:19:37.978+0000] {logging_mixin.py:190} INFO - [2025-02-01T11:19:37.977+0000] {override.py:1911} INFO - Created Permission View: can read on DAG Run:dataset_alias_example_alias_consumer
[2025-02-01T11:19:37.983+0000] {logging_mixin.py:190} INFO - [2025-02-01T11:19:37.983+0000] {override.py:1911} INFO - Created Permission View: can delete on DAG Run:dataset_alias_example_alias_consumer
[2025-02-01T11:19:37.994+0000] {logging_mixin.py:190} INFO - [2025-02-01T11:19:37.994+0000] {override.py:1911} INFO - Created Permission View: can edit on DAG:dataset_alias_example_alias_producer
[2025-02-01T11:19:37.999+0000] {logging_mixin.py:190} INFO - [2025-02-01T11:19:37.999+0000] {override.py:1911} INFO - Created Permission View: can read on DAG:dataset_alias_example_alias_producer
[2025-02-01T11:19:38.005+0000] {logging_mixin.py:190} INFO - [2025-02-01T11:19:38.005+0000] {override.py:1911} INFO - Created Permission View: can delete on DAG:dataset_alias_example_alias_producer
[2025-02-01T11:19:38.014+0000] {logging_mixin.py:190} INFO - [2025-02-01T11:19:38.014+0000] {override.py:1911} INFO - Created Permission View: menu access on DAG Run:dataset_alias_example_alias_producer
[2025-02-01T11:19:38.019+0000] {logging_mixin.py:190} INFO - [2025-02-01T11:19:38.019+0000] {override.py:1911} INFO - Created Permission View: can create on DAG Run:dataset_alias_example_alias_producer
[2025-02-01T11:19:38.024+0000] {logging_mixin.py:190} INFO - [2025-02-01T11:19:38.024+0000] {override.py:1911} INFO - Created Permission View: can read on DAG Run:dataset_alias_example_alias_producer
[2025-02-01T11:19:38.030+0000] {logging_mixin.py:190} INFO - [2025-02-01T11:19:38.030+0000] {override.py:1911} INFO - Created Permission View: can delete on DAG Run:dataset_alias_example_alias_producer
[2025-02-01T11:19:38.032+0000] {logging_mixin.py:190} INFO - [2025-02-01T11:19:38.031+0000] {dag.py:3239} INFO - Sync 4 DAGs
[2025-02-01T11:19:38.043+0000] {logging_mixin.py:190} INFO - [2025-02-01T11:19:38.043+0000] {dag.py:3262} INFO - Creating ORM DAG for dataset_s3_bucket_producer
[2025-02-01T11:19:38.044+0000] {logging_mixin.py:190} INFO - [2025-02-01T11:19:38.044+0000] {dag.py:3262} INFO - Creating ORM DAG for dataset_alias_example_alias_producer
[2025-02-01T11:19:38.044+0000] {logging_mixin.py:190} INFO - [2025-02-01T11:19:38.044+0000] {dag.py:3262} INFO - Creating ORM DAG for dataset_s3_bucket_consumer
[2025-02-01T11:19:38.045+0000] {logging_mixin.py:190} INFO - [2025-02-01T11:19:38.045+0000] {dag.py:3262} INFO - Creating ORM DAG for dataset_alias_example_alias_consumer
[2025-02-01T11:19:38.052+0000] {logging_mixin.py:190} INFO - [2025-02-01T11:19:38.051+0000] {dag.py:4180} INFO - Setting next_dagrun for dataset_alias_example_alias_consumer to None, run_after=None
[2025-02-01T11:19:38.053+0000] {logging_mixin.py:190} INFO - [2025-02-01T11:19:38.052+0000] {dag.py:4180} INFO - Setting next_dagrun for dataset_alias_example_alias_producer to None, run_after=None
[2025-02-01T11:19:38.053+0000] {logging_mixin.py:190} INFO - [2025-02-01T11:19:38.053+0000] {dag.py:4180} INFO - Setting next_dagrun for dataset_s3_bucket_consumer to None, run_after=None
[2025-02-01T11:19:38.054+0000] {logging_mixin.py:190} INFO - [2025-02-01T11:19:38.054+0000] {dag.py:4180} INFO - Setting next_dagrun for dataset_s3_bucket_producer to None, run_after=None
[2025-02-01T11:19:38.077+0000] {processor.py:208} INFO - Processing /home/airflow/.local/lib/python3.12/site-packages/airflow/example_dags/example_dataset_alias.py took 1.485 seconds
