[2025-02-01T11:19:19.017+0000] {processor.py:186} INFO - Started process (PID=71) to work on /home/airflow/.local/lib/python3.12/site-packages/airflow/example_dags/example_sensors.py
[2025-02-01T11:19:19.020+0000] {processor.py:914} INFO - Processing file /home/airflow/.local/lib/python3.12/site-packages/airflow/example_dags/example_sensors.py for tasks to queue
[2025-02-01T11:19:19.030+0000] {logging_mixin.py:190} INFO - [2025-02-01T11:19:19.028+0000] {dagbag.py:588} INFO - Filling up the DagBag from /home/airflow/.local/lib/python3.12/site-packages/airflow/example_dags/example_sensors.py
[2025-02-01T11:19:19.072+0000] {processor.py:925} INFO - DAG(s) 'example_sensors' retrieved from /home/airflow/.local/lib/python3.12/site-packages/airflow/example_dags/example_sensors.py
[2025-02-01T11:19:19.251+0000] {logging_mixin.py:190} INFO - [2025-02-01T11:19:19.250+0000] {override.py:1911} INFO - Created Permission View: can edit on DAG:example_sensors
[2025-02-01T11:19:19.263+0000] {logging_mixin.py:190} INFO - [2025-02-01T11:19:19.263+0000] {override.py:1911} INFO - Created Permission View: can read on DAG:example_sensors
[2025-02-01T11:19:19.271+0000] {logging_mixin.py:190} INFO - [2025-02-01T11:19:19.270+0000] {override.py:1911} INFO - Created Permission View: can delete on DAG:example_sensors
[2025-02-01T11:19:19.279+0000] {logging_mixin.py:190} INFO - [2025-02-01T11:19:19.279+0000] {override.py:1911} INFO - Created Permission View: menu access on DAG Run:example_sensors
[2025-02-01T11:19:19.289+0000] {logging_mixin.py:190} INFO - [2025-02-01T11:19:19.289+0000] {override.py:1911} INFO - Created Permission View: can create on DAG Run:example_sensors
[2025-02-01T11:19:19.298+0000] {logging_mixin.py:190} INFO - [2025-02-01T11:19:19.297+0000] {override.py:1911} INFO - Created Permission View: can read on DAG Run:example_sensors
[2025-02-01T11:19:19.305+0000] {logging_mixin.py:190} INFO - [2025-02-01T11:19:19.304+0000] {override.py:1911} INFO - Created Permission View: can delete on DAG Run:example_sensors
[2025-02-01T11:19:19.305+0000] {logging_mixin.py:190} INFO - [2025-02-01T11:19:19.305+0000] {dag.py:3239} INFO - Sync 1 DAGs
[2025-02-01T11:19:19.324+0000] {logging_mixin.py:190} INFO - [2025-02-01T11:19:19.323+0000] {dag.py:3262} INFO - Creating ORM DAG for example_sensors
[2025-02-01T11:19:19.325+0000] {logging_mixin.py:190} INFO - [2025-02-01T11:19:19.325+0000] {dag.py:4180} INFO - Setting next_dagrun for example_sensors to None, run_after=None
[2025-02-01T11:19:19.350+0000] {processor.py:208} INFO - Processing /home/airflow/.local/lib/python3.12/site-packages/airflow/example_dags/example_sensors.py took 0.370 seconds
[2025-02-01T11:19:49.560+0000] {processor.py:186} INFO - Started process (PID=135) to work on /home/airflow/.local/lib/python3.12/site-packages/airflow/example_dags/example_sensors.py
[2025-02-01T11:19:49.561+0000] {processor.py:914} INFO - Processing file /home/airflow/.local/lib/python3.12/site-packages/airflow/example_dags/example_sensors.py for tasks to queue
[2025-02-01T11:19:49.564+0000] {logging_mixin.py:190} INFO - [2025-02-01T11:19:49.563+0000] {dagbag.py:588} INFO - Filling up the DagBag from /home/airflow/.local/lib/python3.12/site-packages/airflow/example_dags/example_sensors.py
[2025-02-01T11:19:49.587+0000] {processor.py:925} INFO - DAG(s) 'example_sensors' retrieved from /home/airflow/.local/lib/python3.12/site-packages/airflow/example_dags/example_sensors.py
[2025-02-01T11:19:49.669+0000] {logging_mixin.py:190} INFO - [2025-02-01T11:19:49.669+0000] {dag.py:3239} INFO - Sync 1 DAGs
[2025-02-01T11:19:49.684+0000] {logging_mixin.py:190} INFO - [2025-02-01T11:19:49.684+0000] {dag.py:4180} INFO - Setting next_dagrun for example_sensors to None, run_after=None
[2025-02-01T11:19:49.705+0000] {processor.py:208} INFO - Processing /home/airflow/.local/lib/python3.12/site-packages/airflow/example_dags/example_sensors.py took 0.152 seconds
