[2025-02-01T11:19:19.411+0000] {processor.py:186} INFO - Started process (PID=79) to work on /home/airflow/.local/lib/python3.12/site-packages/airflow/example_dags/example_trigger_controller_dag.py
[2025-02-01T11:19:19.414+0000] {processor.py:914} INFO - Processing file /home/airflow/.local/lib/python3.12/site-packages/airflow/example_dags/example_trigger_controller_dag.py for tasks to queue
[2025-02-01T11:19:19.420+0000] {logging_mixin.py:190} INFO - [2025-02-01T11:19:19.420+0000] {dagbag.py:588} INFO - Filling up the DagBag from /home/airflow/.local/lib/python3.12/site-packages/airflow/example_dags/example_trigger_controller_dag.py
[2025-02-01T11:19:19.439+0000] {processor.py:925} INFO - DAG(s) 'example_trigger_controller_dag' retrieved from /home/airflow/.local/lib/python3.12/site-packages/airflow/example_dags/example_trigger_controller_dag.py
[2025-02-01T11:19:19.643+0000] {logging_mixin.py:190} INFO - [2025-02-01T11:19:19.643+0000] {override.py:1911} INFO - Created Permission View: can edit on DAG:example_trigger_controller_dag
[2025-02-01T11:19:19.653+0000] {logging_mixin.py:190} INFO - [2025-02-01T11:19:19.652+0000] {override.py:1911} INFO - Created Permission View: can read on DAG:example_trigger_controller_dag
[2025-02-01T11:19:19.659+0000] {logging_mixin.py:190} INFO - [2025-02-01T11:19:19.659+0000] {override.py:1911} INFO - Created Permission View: can delete on DAG:example_trigger_controller_dag
[2025-02-01T11:19:19.668+0000] {logging_mixin.py:190} INFO - [2025-02-01T11:19:19.668+0000] {override.py:1911} INFO - Created Permission View: menu access on DAG Run:example_trigger_controller_dag
[2025-02-01T11:19:19.675+0000] {logging_mixin.py:190} INFO - [2025-02-01T11:19:19.675+0000] {override.py:1911} INFO - Created Permission View: can create on DAG Run:example_trigger_controller_dag
[2025-02-01T11:19:19.682+0000] {logging_mixin.py:190} INFO - [2025-02-01T11:19:19.682+0000] {override.py:1911} INFO - Created Permission View: can read on DAG Run:example_trigger_controller_dag
[2025-02-01T11:19:19.689+0000] {logging_mixin.py:190} INFO - [2025-02-01T11:19:19.688+0000] {override.py:1911} INFO - Created Permission View: can delete on DAG Run:example_trigger_controller_dag
[2025-02-01T11:19:19.689+0000] {logging_mixin.py:190} INFO - [2025-02-01T11:19:19.689+0000] {dag.py:3239} INFO - Sync 1 DAGs
[2025-02-01T11:19:19.703+0000] {logging_mixin.py:190} INFO - [2025-02-01T11:19:19.703+0000] {dag.py:3262} INFO - Creating ORM DAG for example_trigger_controller_dag
[2025-02-01T11:19:19.727+0000] {logging_mixin.py:190} INFO - [2025-02-01T11:19:19.727+0000] {dag.py:4180} INFO - Setting next_dagrun for example_trigger_controller_dag to 2021-01-01 00:00:00+00:00, run_after=2021-01-01 00:00:00+00:00
[2025-02-01T11:19:19.743+0000] {processor.py:208} INFO - Processing /home/airflow/.local/lib/python3.12/site-packages/airflow/example_dags/example_trigger_controller_dag.py took 0.345 seconds
[2025-02-01T11:19:49.870+0000] {processor.py:186} INFO - Started process (PID=143) to work on /home/airflow/.local/lib/python3.12/site-packages/airflow/example_dags/example_trigger_controller_dag.py
[2025-02-01T11:19:49.871+0000] {processor.py:914} INFO - Processing file /home/airflow/.local/lib/python3.12/site-packages/airflow/example_dags/example_trigger_controller_dag.py for tasks to queue
[2025-02-01T11:19:49.873+0000] {logging_mixin.py:190} INFO - [2025-02-01T11:19:49.873+0000] {dagbag.py:588} INFO - Filling up the DagBag from /home/airflow/.local/lib/python3.12/site-packages/airflow/example_dags/example_trigger_controller_dag.py
[2025-02-01T11:19:49.882+0000] {processor.py:925} INFO - DAG(s) 'example_trigger_controller_dag' retrieved from /home/airflow/.local/lib/python3.12/site-packages/airflow/example_dags/example_trigger_controller_dag.py
[2025-02-01T11:19:49.902+0000] {logging_mixin.py:190} INFO - [2025-02-01T11:19:49.901+0000] {dag.py:3239} INFO - Sync 1 DAGs
[2025-02-01T11:19:49.928+0000] {logging_mixin.py:190} INFO - [2025-02-01T11:19:49.928+0000] {dag.py:4180} INFO - Setting next_dagrun for example_trigger_controller_dag to 2021-01-01 00:00:00+00:00, run_after=2021-01-01 00:00:00+00:00
[2025-02-01T11:19:49.948+0000] {processor.py:208} INFO - Processing /home/airflow/.local/lib/python3.12/site-packages/airflow/example_dags/example_trigger_controller_dag.py took 0.088 seconds
