[2025-02-01T11:19:21.481+0000] {processor.py:186} INFO - Started process (PID=88) to work on /home/airflow/.local/lib/python3.12/site-packages/airflow/example_dags/example_xcom.py
[2025-02-01T11:19:21.482+0000] {processor.py:914} INFO - Processing file /home/airflow/.local/lib/python3.12/site-packages/airflow/example_dags/example_xcom.py for tasks to queue
[2025-02-01T11:19:21.484+0000] {logging_mixin.py:190} INFO - [2025-02-01T11:19:21.484+0000] {dagbag.py:588} INFO - Filling up the DagBag from /home/airflow/.local/lib/python3.12/site-packages/airflow/example_dags/example_xcom.py
[2025-02-01T11:19:21.496+0000] {processor.py:925} INFO - DAG(s) 'example_xcom' retrieved from /home/airflow/.local/lib/python3.12/site-packages/airflow/example_dags/example_xcom.py
[2025-02-01T11:19:21.593+0000] {logging_mixin.py:190} INFO - [2025-02-01T11:19:21.592+0000] {override.py:1911} INFO - Created Permission View: can edit on DAG:example_xcom
[2025-02-01T11:19:21.603+0000] {logging_mixin.py:190} INFO - [2025-02-01T11:19:21.602+0000] {override.py:1911} INFO - Created Permission View: can read on DAG:example_xcom
[2025-02-01T11:19:21.612+0000] {logging_mixin.py:190} INFO - [2025-02-01T11:19:21.611+0000] {override.py:1911} INFO - Created Permission View: can delete on DAG:example_xcom
[2025-02-01T11:19:21.620+0000] {logging_mixin.py:190} INFO - [2025-02-01T11:19:21.620+0000] {override.py:1911} INFO - Created Permission View: menu access on DAG Run:example_xcom
[2025-02-01T11:19:21.627+0000] {logging_mixin.py:190} INFO - [2025-02-01T11:19:21.627+0000] {override.py:1911} INFO - Created Permission View: can create on DAG Run:example_xcom
[2025-02-01T11:19:21.634+0000] {logging_mixin.py:190} INFO - [2025-02-01T11:19:21.633+0000] {override.py:1911} INFO - Created Permission View: can read on DAG Run:example_xcom
[2025-02-01T11:19:21.641+0000] {logging_mixin.py:190} INFO - [2025-02-01T11:19:21.641+0000] {override.py:1911} INFO - Created Permission View: can delete on DAG Run:example_xcom
[2025-02-01T11:19:21.641+0000] {logging_mixin.py:190} INFO - [2025-02-01T11:19:21.641+0000] {dag.py:3239} INFO - Sync 1 DAGs
[2025-02-01T11:19:21.657+0000] {logging_mixin.py:190} INFO - [2025-02-01T11:19:21.657+0000] {dag.py:3262} INFO - Creating ORM DAG for example_xcom
[2025-02-01T11:19:21.668+0000] {logging_mixin.py:190} INFO - [2025-02-01T11:19:21.668+0000] {dag.py:4180} INFO - Setting next_dagrun for example_xcom to 2021-01-01 00:00:00+00:00, run_after=2021-01-01 00:00:00+00:00
[2025-02-01T11:19:21.685+0000] {processor.py:208} INFO - Processing /home/airflow/.local/lib/python3.12/site-packages/airflow/example_dags/example_xcom.py took 0.209 seconds
[2025-02-01T11:22:25.636+0000] {processor.py:186} INFO - Started process (PID=151) to work on /home/airflow/.local/lib/python3.12/site-packages/airflow/example_dags/example_xcom.py
[2025-02-01T11:22:25.638+0000] {processor.py:914} INFO - Processing file /home/airflow/.local/lib/python3.12/site-packages/airflow/example_dags/example_xcom.py for tasks to queue
[2025-02-01T11:22:25.639+0000] {logging_mixin.py:190} INFO - [2025-02-01T11:22:25.639+0000] {dagbag.py:588} INFO - Filling up the DagBag from /home/airflow/.local/lib/python3.12/site-packages/airflow/example_dags/example_xcom.py
[2025-02-01T11:22:25.654+0000] {processor.py:925} INFO - DAG(s) 'example_xcom' retrieved from /home/airflow/.local/lib/python3.12/site-packages/airflow/example_dags/example_xcom.py
[2025-02-01T11:22:25.685+0000] {logging_mixin.py:190} INFO - [2025-02-01T11:22:25.685+0000] {dag.py:3239} INFO - Sync 1 DAGs
[2025-02-01T11:22:25.713+0000] {logging_mixin.py:190} INFO - [2025-02-01T11:22:25.712+0000] {dag.py:4180} INFO - Setting next_dagrun for example_xcom to 2021-01-01 00:00:00+00:00, run_after=2021-01-01 00:00:00+00:00
[2025-02-01T11:22:25.752+0000] {processor.py:208} INFO - Processing /home/airflow/.local/lib/python3.12/site-packages/airflow/example_dags/example_xcom.py took 0.125 seconds
