[2025-02-01T11:19:17.872+0000] {processor.py:186} INFO - Started process (PID=69) to work on /home/airflow/.local/lib/python3.12/site-packages/airflow/example_dags/example_external_task_marker_dag.py
[2025-02-01T11:19:17.873+0000] {processor.py:914} INFO - Processing file /home/airflow/.local/lib/python3.12/site-packages/airflow/example_dags/example_external_task_marker_dag.py for tasks to queue
[2025-02-01T11:19:17.876+0000] {logging_mixin.py:190} INFO - [2025-02-01T11:19:17.875+0000] {dagbag.py:588} INFO - Filling up the DagBag from /home/airflow/.local/lib/python3.12/site-packages/airflow/example_dags/example_external_task_marker_dag.py
[2025-02-01T11:19:17.886+0000] {processor.py:925} INFO - DAG(s) 'example_external_task_marker_parent', 'example_external_task_marker_child' retrieved from /home/airflow/.local/lib/python3.12/site-packages/airflow/example_dags/example_external_task_marker_dag.py
[2025-02-01T11:19:18.029+0000] {logging_mixin.py:190} INFO - [2025-02-01T11:19:18.028+0000] {override.py:1911} INFO - Created Permission View: can edit on DAG:example_external_task_marker_parent
[2025-02-01T11:19:18.044+0000] {logging_mixin.py:190} INFO - [2025-02-01T11:19:18.044+0000] {override.py:1911} INFO - Created Permission View: can read on DAG:example_external_task_marker_parent
[2025-02-01T11:19:18.052+0000] {logging_mixin.py:190} INFO - [2025-02-01T11:19:18.051+0000] {override.py:1911} INFO - Created Permission View: can delete on DAG:example_external_task_marker_parent
[2025-02-01T11:19:18.062+0000] {logging_mixin.py:190} INFO - [2025-02-01T11:19:18.062+0000] {override.py:1911} INFO - Created Permission View: menu access on DAG Run:example_external_task_marker_parent
[2025-02-01T11:19:18.070+0000] {logging_mixin.py:190} INFO - [2025-02-01T11:19:18.069+0000] {override.py:1911} INFO - Created Permission View: can create on DAG Run:example_external_task_marker_parent
[2025-02-01T11:19:18.078+0000] {logging_mixin.py:190} INFO - [2025-02-01T11:19:18.078+0000] {override.py:1911} INFO - Created Permission View: can read on DAG Run:example_external_task_marker_parent
[2025-02-01T11:19:18.084+0000] {logging_mixin.py:190} INFO - [2025-02-01T11:19:18.084+0000] {override.py:1911} INFO - Created Permission View: can delete on DAG Run:example_external_task_marker_parent
[2025-02-01T11:19:18.101+0000] {logging_mixin.py:190} INFO - [2025-02-01T11:19:18.100+0000] {override.py:1911} INFO - Created Permission View: can edit on DAG:example_external_task_marker_child
[2025-02-01T11:19:18.109+0000] {logging_mixin.py:190} INFO - [2025-02-01T11:19:18.109+0000] {override.py:1911} INFO - Created Permission View: can read on DAG:example_external_task_marker_child
[2025-02-01T11:19:18.121+0000] {logging_mixin.py:190} INFO - [2025-02-01T11:19:18.121+0000] {override.py:1911} INFO - Created Permission View: can delete on DAG:example_external_task_marker_child
[2025-02-01T11:19:18.131+0000] {logging_mixin.py:190} INFO - [2025-02-01T11:19:18.130+0000] {override.py:1911} INFO - Created Permission View: menu access on DAG Run:example_external_task_marker_child
[2025-02-01T11:19:18.140+0000] {logging_mixin.py:190} INFO - [2025-02-01T11:19:18.139+0000] {override.py:1911} INFO - Created Permission View: can create on DAG Run:example_external_task_marker_child
[2025-02-01T11:19:18.148+0000] {logging_mixin.py:190} INFO - [2025-02-01T11:19:18.147+0000] {override.py:1911} INFO - Created Permission View: can read on DAG Run:example_external_task_marker_child
[2025-02-01T11:19:18.155+0000] {logging_mixin.py:190} INFO - [2025-02-01T11:19:18.154+0000] {override.py:1911} INFO - Created Permission View: can delete on DAG Run:example_external_task_marker_child
[2025-02-01T11:19:18.156+0000] {logging_mixin.py:190} INFO - [2025-02-01T11:19:18.155+0000] {dag.py:3239} INFO - Sync 2 DAGs
[2025-02-01T11:19:18.176+0000] {logging_mixin.py:190} INFO - [2025-02-01T11:19:18.175+0000] {dag.py:3262} INFO - Creating ORM DAG for example_external_task_marker_parent
[2025-02-01T11:19:18.177+0000] {logging_mixin.py:190} INFO - [2025-02-01T11:19:18.176+0000] {dag.py:3262} INFO - Creating ORM DAG for example_external_task_marker_child
[2025-02-01T11:19:18.178+0000] {logging_mixin.py:190} INFO - [2025-02-01T11:19:18.177+0000] {dag.py:4180} INFO - Setting next_dagrun for example_external_task_marker_child to None, run_after=None
[2025-02-01T11:19:18.178+0000] {logging_mixin.py:190} INFO - [2025-02-01T11:19:18.178+0000] {dag.py:4180} INFO - Setting next_dagrun for example_external_task_marker_parent to None, run_after=None
[2025-02-01T11:19:18.212+0000] {processor.py:208} INFO - Processing /home/airflow/.local/lib/python3.12/site-packages/airflow/example_dags/example_external_task_marker_dag.py took 0.347 seconds
[2025-02-01T11:19:49.181+0000] {processor.py:186} INFO - Started process (PID=133) to work on /home/airflow/.local/lib/python3.12/site-packages/airflow/example_dags/example_external_task_marker_dag.py
[2025-02-01T11:19:49.182+0000] {processor.py:914} INFO - Processing file /home/airflow/.local/lib/python3.12/site-packages/airflow/example_dags/example_external_task_marker_dag.py for tasks to queue
[2025-02-01T11:19:49.184+0000] {logging_mixin.py:190} INFO - [2025-02-01T11:19:49.184+0000] {dagbag.py:588} INFO - Filling up the DagBag from /home/airflow/.local/lib/python3.12/site-packages/airflow/example_dags/example_external_task_marker_dag.py
[2025-02-01T11:19:49.191+0000] {processor.py:925} INFO - DAG(s) 'example_external_task_marker_parent', 'example_external_task_marker_child' retrieved from /home/airflow/.local/lib/python3.12/site-packages/airflow/example_dags/example_external_task_marker_dag.py
[2025-02-01T11:19:49.211+0000] {logging_mixin.py:190} INFO - [2025-02-01T11:19:49.211+0000] {dag.py:3239} INFO - Sync 2 DAGs
[2025-02-01T11:19:49.228+0000] {logging_mixin.py:190} INFO - [2025-02-01T11:19:49.227+0000] {dag.py:4180} INFO - Setting next_dagrun for example_external_task_marker_child to None, run_after=None
[2025-02-01T11:19:49.231+0000] {logging_mixin.py:190} INFO - [2025-02-01T11:19:49.231+0000] {dag.py:4180} INFO - Setting next_dagrun for example_external_task_marker_parent to None, run_after=None
[2025-02-01T11:19:49.247+0000] {processor.py:208} INFO - Processing /home/airflow/.local/lib/python3.12/site-packages/airflow/example_dags/example_external_task_marker_dag.py took 0.071 seconds
