[2025-02-01T11:19:19.656+0000] {processor.py:186} INFO - Started process (PID=80) to work on /home/airflow/.local/lib/python3.12/site-packages/airflow/example_dags/example_xcomargs.py
[2025-02-01T11:19:19.657+0000] {processor.py:914} INFO - Processing file /home/airflow/.local/lib/python3.12/site-packages/airflow/example_dags/example_xcomargs.py for tasks to queue
[2025-02-01T11:19:19.660+0000] {logging_mixin.py:190} INFO - [2025-02-01T11:19:19.660+0000] {dagbag.py:588} INFO - Filling up the DagBag from /home/airflow/.local/lib/python3.12/site-packages/airflow/example_dags/example_xcomargs.py
[2025-02-01T11:19:19.672+0000] {processor.py:925} INFO - DAG(s) 'example_xcom_args_with_operators', 'example_xcom_args' retrieved from /home/airflow/.local/lib/python3.12/site-packages/airflow/example_dags/example_xcomargs.py
[2025-02-01T11:19:19.820+0000] {logging_mixin.py:190} INFO - [2025-02-01T11:19:19.819+0000] {override.py:1911} INFO - Created Permission View: can edit on DAG:example_xcom_args_with_operators
[2025-02-01T11:19:19.831+0000] {logging_mixin.py:190} INFO - [2025-02-01T11:19:19.830+0000] {override.py:1911} INFO - Created Permission View: can read on DAG:example_xcom_args_with_operators
[2025-02-01T11:19:19.838+0000] {logging_mixin.py:190} INFO - [2025-02-01T11:19:19.838+0000] {override.py:1911} INFO - Created Permission View: can delete on DAG:example_xcom_args_with_operators
[2025-02-01T11:19:19.846+0000] {logging_mixin.py:190} INFO - [2025-02-01T11:19:19.846+0000] {override.py:1911} INFO - Created Permission View: menu access on DAG Run:example_xcom_args_with_operators
[2025-02-01T11:19:19.853+0000] {logging_mixin.py:190} INFO - [2025-02-01T11:19:19.852+0000] {override.py:1911} INFO - Created Permission View: can create on DAG Run:example_xcom_args_with_operators
[2025-02-01T11:19:19.859+0000] {logging_mixin.py:190} INFO - [2025-02-01T11:19:19.858+0000] {override.py:1911} INFO - Created Permission View: can read on DAG Run:example_xcom_args_with_operators
[2025-02-01T11:19:19.864+0000] {logging_mixin.py:190} INFO - [2025-02-01T11:19:19.864+0000] {override.py:1911} INFO - Created Permission View: can delete on DAG Run:example_xcom_args_with_operators
[2025-02-01T11:19:19.878+0000] {logging_mixin.py:190} INFO - [2025-02-01T11:19:19.878+0000] {override.py:1911} INFO - Created Permission View: can edit on DAG:example_xcom_args
[2025-02-01T11:19:19.888+0000] {logging_mixin.py:190} INFO - [2025-02-01T11:19:19.887+0000] {override.py:1911} INFO - Created Permission View: can read on DAG:example_xcom_args
[2025-02-01T11:19:19.896+0000] {logging_mixin.py:190} INFO - [2025-02-01T11:19:19.895+0000] {override.py:1911} INFO - Created Permission View: can delete on DAG:example_xcom_args
[2025-02-01T11:19:19.911+0000] {logging_mixin.py:190} INFO - [2025-02-01T11:19:19.911+0000] {override.py:1911} INFO - Created Permission View: menu access on DAG Run:example_xcom_args
[2025-02-01T11:19:19.921+0000] {logging_mixin.py:190} INFO - [2025-02-01T11:19:19.920+0000] {override.py:1911} INFO - Created Permission View: can create on DAG Run:example_xcom_args
[2025-02-01T11:19:19.928+0000] {logging_mixin.py:190} INFO - [2025-02-01T11:19:19.928+0000] {override.py:1911} INFO - Created Permission View: can read on DAG Run:example_xcom_args
[2025-02-01T11:19:19.938+0000] {logging_mixin.py:190} INFO - [2025-02-01T11:19:19.937+0000] {override.py:1911} INFO - Created Permission View: can delete on DAG Run:example_xcom_args
[2025-02-01T11:19:19.939+0000] {logging_mixin.py:190} INFO - [2025-02-01T11:19:19.938+0000] {dag.py:3239} INFO - Sync 2 DAGs
[2025-02-01T11:19:19.955+0000] {logging_mixin.py:190} INFO - [2025-02-01T11:19:19.955+0000] {dag.py:3262} INFO - Creating ORM DAG for example_xcom_args_with_operators
[2025-02-01T11:19:19.957+0000] {logging_mixin.py:190} INFO - [2025-02-01T11:19:19.956+0000] {dag.py:3262} INFO - Creating ORM DAG for example_xcom_args
[2025-02-01T11:19:19.957+0000] {logging_mixin.py:190} INFO - [2025-02-01T11:19:19.957+0000] {dag.py:4180} INFO - Setting next_dagrun for example_xcom_args to None, run_after=None
[2025-02-01T11:19:19.959+0000] {logging_mixin.py:190} INFO - [2025-02-01T11:19:19.958+0000] {dag.py:4180} INFO - Setting next_dagrun for example_xcom_args_with_operators to None, run_after=None
[2025-02-01T11:19:19.981+0000] {processor.py:208} INFO - Processing /home/airflow/.local/lib/python3.12/site-packages/airflow/example_dags/example_xcomargs.py took 0.331 seconds
[2025-02-01T11:20:01.489+0000] {processor.py:186} INFO - Started process (PID=144) to work on /home/airflow/.local/lib/python3.12/site-packages/airflow/example_dags/example_xcomargs.py
[2025-02-01T11:20:02.292+0000] {processor.py:914} INFO - Processing file /home/airflow/.local/lib/python3.12/site-packages/airflow/example_dags/example_xcomargs.py for tasks to queue
[2025-02-01T11:20:06.594+0000] {logging_mixin.py:190} INFO - [2025-02-01T11:20:04.615+0000] {dagbag.py:588} INFO - Filling up the DagBag from /home/airflow/.local/lib/python3.12/site-packages/airflow/example_dags/example_xcomargs.py
[2025-02-01T11:21:04.621+0000] {processor.py:925} INFO - DAG(s) 'example_xcom_args', 'example_xcom_args_with_operators' retrieved from /home/airflow/.local/lib/python3.12/site-packages/airflow/example_dags/example_xcomargs.py
