[2025-02-01T11:19:22.288+0000] {processor.py:186} INFO - Started process (PID=91) to work on /home/airflow/.local/lib/python3.12/site-packages/airflow/example_dags/example_branch_datetime_operator.py
[2025-02-01T11:19:22.289+0000] {processor.py:914} INFO - Processing file /home/airflow/.local/lib/python3.12/site-packages/airflow/example_dags/example_branch_datetime_operator.py for tasks to queue
[2025-02-01T11:19:22.292+0000] {logging_mixin.py:190} INFO - [2025-02-01T11:19:22.291+0000] {dagbag.py:588} INFO - Filling up the DagBag from /home/airflow/.local/lib/python3.12/site-packages/airflow/example_dags/example_branch_datetime_operator.py
[2025-02-01T11:19:22.307+0000] {processor.py:925} INFO - DAG(s) 'example_branch_datetime_operator', 'example_branch_datetime_operator_2', 'example_branch_datetime_operator_3' retrieved from /home/airflow/.local/lib/python3.12/site-packages/airflow/example_dags/example_branch_datetime_operator.py
[2025-02-01T11:19:22.457+0000] {logging_mixin.py:190} INFO - [2025-02-01T11:19:22.456+0000] {override.py:1911} INFO - Created Permission View: can edit on DAG:example_branch_datetime_operator
[2025-02-01T11:19:22.481+0000] {logging_mixin.py:190} INFO - [2025-02-01T11:19:22.480+0000] {override.py:1911} INFO - Created Permission View: can read on DAG:example_branch_datetime_operator
[2025-02-01T11:19:22.502+0000] {logging_mixin.py:190} INFO - [2025-02-01T11:19:22.502+0000] {override.py:1911} INFO - Created Permission View: can delete on DAG:example_branch_datetime_operator
[2025-02-01T11:19:22.535+0000] {logging_mixin.py:190} INFO - [2025-02-01T11:19:22.535+0000] {override.py:1911} INFO - Created Permission View: menu access on DAG Run:example_branch_datetime_operator
[2025-02-01T11:19:22.553+0000] {logging_mixin.py:190} INFO - [2025-02-01T11:19:22.553+0000] {override.py:1911} INFO - Created Permission View: can create on DAG Run:example_branch_datetime_operator
[2025-02-01T11:19:22.571+0000] {logging_mixin.py:190} INFO - [2025-02-01T11:19:22.570+0000] {override.py:1911} INFO - Created Permission View: can read on DAG Run:example_branch_datetime_operator
[2025-02-01T11:19:22.587+0000] {logging_mixin.py:190} INFO - [2025-02-01T11:19:22.587+0000] {override.py:1911} INFO - Created Permission View: can delete on DAG Run:example_branch_datetime_operator
[2025-02-01T11:19:22.632+0000] {logging_mixin.py:190} INFO - [2025-02-01T11:19:22.632+0000] {override.py:1911} INFO - Created Permission View: can edit on DAG:example_branch_datetime_operator_2
[2025-02-01T11:19:22.648+0000] {logging_mixin.py:190} INFO - [2025-02-01T11:19:22.648+0000] {override.py:1911} INFO - Created Permission View: can read on DAG:example_branch_datetime_operator_2
[2025-02-01T11:19:22.671+0000] {logging_mixin.py:190} INFO - [2025-02-01T11:19:22.671+0000] {override.py:1911} INFO - Created Permission View: can delete on DAG:example_branch_datetime_operator_2
[2025-02-01T11:19:22.738+0000] {logging_mixin.py:190} INFO - [2025-02-01T11:19:22.738+0000] {override.py:1911} INFO - Created Permission View: menu access on DAG Run:example_branch_datetime_operator_2
[2025-02-01T11:19:22.804+0000] {logging_mixin.py:190} INFO - [2025-02-01T11:19:22.803+0000] {override.py:1911} INFO - Created Permission View: can create on DAG Run:example_branch_datetime_operator_2
[2025-02-01T11:19:22.849+0000] {logging_mixin.py:190} INFO - [2025-02-01T11:19:22.849+0000] {override.py:1911} INFO - Created Permission View: can read on DAG Run:example_branch_datetime_operator_2
[2025-02-01T11:19:22.882+0000] {logging_mixin.py:190} INFO - [2025-02-01T11:19:22.881+0000] {override.py:1911} INFO - Created Permission View: can delete on DAG Run:example_branch_datetime_operator_2
[2025-02-01T11:19:22.958+0000] {logging_mixin.py:190} INFO - [2025-02-01T11:19:22.957+0000] {override.py:1911} INFO - Created Permission View: can edit on DAG:example_branch_datetime_operator_3
[2025-02-01T11:19:23.024+0000] {logging_mixin.py:190} INFO - [2025-02-01T11:19:23.024+0000] {override.py:1911} INFO - Created Permission View: can read on DAG:example_branch_datetime_operator_3
[2025-02-01T11:19:23.057+0000] {logging_mixin.py:190} INFO - [2025-02-01T11:19:23.057+0000] {override.py:1911} INFO - Created Permission View: can delete on DAG:example_branch_datetime_operator_3
[2025-02-01T11:19:23.124+0000] {logging_mixin.py:190} INFO - [2025-02-01T11:19:23.124+0000] {override.py:1911} INFO - Created Permission View: menu access on DAG Run:example_branch_datetime_operator_3
[2025-02-01T11:19:23.159+0000] {logging_mixin.py:190} INFO - [2025-02-01T11:19:23.159+0000] {override.py:1911} INFO - Created Permission View: can create on DAG Run:example_branch_datetime_operator_3
[2025-02-01T11:19:23.192+0000] {logging_mixin.py:190} INFO - [2025-02-01T11:19:23.192+0000] {override.py:1911} INFO - Created Permission View: can read on DAG Run:example_branch_datetime_operator_3
[2025-02-01T11:19:23.226+0000] {logging_mixin.py:190} INFO - [2025-02-01T11:19:23.225+0000] {override.py:1911} INFO - Created Permission View: can delete on DAG Run:example_branch_datetime_operator_3
[2025-02-01T11:19:23.227+0000] {logging_mixin.py:190} INFO - [2025-02-01T11:19:23.226+0000] {dag.py:3239} INFO - Sync 3 DAGs
[2025-02-01T11:19:23.238+0000] {logging_mixin.py:190} INFO - [2025-02-01T11:19:23.238+0000] {dag.py:3262} INFO - Creating ORM DAG for example_branch_datetime_operator
[2025-02-01T11:19:23.239+0000] {logging_mixin.py:190} INFO - [2025-02-01T11:19:23.239+0000] {dag.py:3262} INFO - Creating ORM DAG for example_branch_datetime_operator_2
[2025-02-01T11:19:23.240+0000] {logging_mixin.py:190} INFO - [2025-02-01T11:19:23.240+0000] {dag.py:3262} INFO - Creating ORM DAG for example_branch_datetime_operator_3
[2025-02-01T11:19:23.248+0000] {logging_mixin.py:190} INFO - [2025-02-01T11:19:23.248+0000] {dag.py:4180} INFO - Setting next_dagrun for example_branch_datetime_operator to 2025-01-31 00:00:00+00:00, run_after=2025-02-01 00:00:00+00:00
[2025-02-01T11:19:23.249+0000] {logging_mixin.py:190} INFO - [2025-02-01T11:19:23.249+0000] {dag.py:4180} INFO - Setting next_dagrun for example_branch_datetime_operator_2 to 2025-01-31 00:00:00+00:00, run_after=2025-02-01 00:00:00+00:00
[2025-02-01T11:19:23.251+0000] {logging_mixin.py:190} INFO - [2025-02-01T11:19:23.251+0000] {dag.py:4180} INFO - Setting next_dagrun for example_branch_datetime_operator_3 to 2025-01-31 00:00:00+00:00, run_after=2025-02-01 00:00:00+00:00
[2025-02-01T11:19:23.296+0000] {processor.py:208} INFO - Processing /home/airflow/.local/lib/python3.12/site-packages/airflow/example_dags/example_branch_datetime_operator.py took 1.015 seconds
