[2025-02-01T11:19:17.859+0000] {processor.py:186} INFO - Started process (PID=68) to work on /home/airflow/.local/lib/python3.12/site-packages/airflow/example_dags/example_subdag_operator.py
[2025-02-01T11:19:17.860+0000] {processor.py:914} INFO - Processing file /home/airflow/.local/lib/python3.12/site-packages/airflow/example_dags/example_subdag_operator.py for tasks to queue
[2025-02-01T11:19:17.863+0000] {logging_mixin.py:190} INFO - [2025-02-01T11:19:17.862+0000] {dagbag.py:588} INFO - Filling up the DagBag from /home/airflow/.local/lib/python3.12/site-packages/airflow/example_dags/example_subdag_operator.py
[2025-02-01T11:19:17.897+0000] {processor.py:925} INFO - DAG(s) 'example_subdag_operator.section-1', 'example_subdag_operator.section-2', 'example_subdag_operator' retrieved from /home/airflow/.local/lib/python3.12/site-packages/airflow/example_dags/example_subdag_operator.py
[2025-02-01T11:19:18.072+0000] {logging_mixin.py:190} INFO - [2025-02-01T11:19:18.071+0000] {override.py:1911} INFO - Created Permission View: can edit on DAG:example_subdag_operator
[2025-02-01T11:19:18.083+0000] {logging_mixin.py:190} INFO - [2025-02-01T11:19:18.083+0000] {override.py:1911} INFO - Created Permission View: can read on DAG:example_subdag_operator
[2025-02-01T11:19:18.090+0000] {logging_mixin.py:190} INFO - [2025-02-01T11:19:18.090+0000] {override.py:1911} INFO - Created Permission View: can delete on DAG:example_subdag_operator
[2025-02-01T11:19:18.099+0000] {logging_mixin.py:190} INFO - [2025-02-01T11:19:18.099+0000] {override.py:1911} INFO - Created Permission View: menu access on DAG Run:example_subdag_operator
[2025-02-01T11:19:18.107+0000] {logging_mixin.py:190} INFO - [2025-02-01T11:19:18.106+0000] {override.py:1911} INFO - Created Permission View: can create on DAG Run:example_subdag_operator
[2025-02-01T11:19:18.113+0000] {logging_mixin.py:190} INFO - [2025-02-01T11:19:18.113+0000] {override.py:1911} INFO - Created Permission View: can read on DAG Run:example_subdag_operator
[2025-02-01T11:19:18.124+0000] {logging_mixin.py:190} INFO - [2025-02-01T11:19:18.124+0000] {override.py:1911} INFO - Created Permission View: can delete on DAG Run:example_subdag_operator
[2025-02-01T11:19:18.125+0000] {logging_mixin.py:190} INFO - [2025-02-01T11:19:18.125+0000] {dag.py:3239} INFO - Sync 3 DAGs
[2025-02-01T11:19:18.155+0000] {logging_mixin.py:190} INFO - [2025-02-01T11:19:18.155+0000] {dag.py:3262} INFO - Creating ORM DAG for example_subdag_operator.section-2
[2025-02-01T11:19:18.156+0000] {logging_mixin.py:190} INFO - [2025-02-01T11:19:18.156+0000] {dag.py:3262} INFO - Creating ORM DAG for example_subdag_operator.section-1
[2025-02-01T11:19:18.157+0000] {logging_mixin.py:190} INFO - [2025-02-01T11:19:18.157+0000] {dag.py:3262} INFO - Creating ORM DAG for example_subdag_operator
[2025-02-01T11:19:18.177+0000] {logging_mixin.py:190} INFO - [2025-02-01T11:19:18.177+0000] {dag.py:4180} INFO - Setting next_dagrun for example_subdag_operator to 2022-01-01 00:00:00+00:00, run_after=2022-01-01 00:00:00+00:00
[2025-02-01T11:19:18.178+0000] {logging_mixin.py:190} INFO - [2025-02-01T11:19:18.178+0000] {dag.py:4180} INFO - Setting next_dagrun for example_subdag_operator.section-1 to None, run_after=None
[2025-02-01T11:19:18.179+0000] {logging_mixin.py:190} INFO - [2025-02-01T11:19:18.179+0000] {dag.py:4180} INFO - Setting next_dagrun for example_subdag_operator.section-2 to None, run_after=None
[2025-02-01T11:19:18.200+0000] {logging_mixin.py:190} INFO - [2025-02-01T11:19:18.200+0000] {dag.py:3239} INFO - Sync 2 DAGs
[2025-02-01T11:19:18.205+0000] {logging_mixin.py:190} INFO - [2025-02-01T11:19:18.205+0000] {dag.py:4180} INFO - Setting next_dagrun for example_subdag_operator.section-1 to None, run_after=None
[2025-02-01T11:19:18.209+0000] {logging_mixin.py:190} INFO - [2025-02-01T11:19:18.209+0000] {dag.py:4180} INFO - Setting next_dagrun for example_subdag_operator.section-2 to None, run_after=None
[2025-02-01T11:19:18.222+0000] {processor.py:208} INFO - Processing /home/airflow/.local/lib/python3.12/site-packages/airflow/example_dags/example_subdag_operator.py took 0.369 seconds
[2025-02-01T11:19:49.179+0000] {processor.py:186} INFO - Started process (PID=132) to work on /home/airflow/.local/lib/python3.12/site-packages/airflow/example_dags/example_subdag_operator.py
[2025-02-01T11:19:49.181+0000] {processor.py:914} INFO - Processing file /home/airflow/.local/lib/python3.12/site-packages/airflow/example_dags/example_subdag_operator.py for tasks to queue
[2025-02-01T11:19:49.183+0000] {logging_mixin.py:190} INFO - [2025-02-01T11:19:49.183+0000] {dagbag.py:588} INFO - Filling up the DagBag from /home/airflow/.local/lib/python3.12/site-packages/airflow/example_dags/example_subdag_operator.py
[2025-02-01T11:19:49.206+0000] {processor.py:925} INFO - DAG(s) 'example_subdag_operator.section-1', 'example_subdag_operator.section-2', 'example_subdag_operator' retrieved from /home/airflow/.local/lib/python3.12/site-packages/airflow/example_dags/example_subdag_operator.py
[2025-02-01T11:19:49.219+0000] {logging_mixin.py:190} INFO - [2025-02-01T11:19:49.219+0000] {dag.py:3239} INFO - Sync 3 DAGs
[2025-02-01T11:19:49.244+0000] {logging_mixin.py:190} INFO - [2025-02-01T11:19:49.244+0000] {dag.py:4180} INFO - Setting next_dagrun for example_subdag_operator to 2022-01-01 00:00:00+00:00, run_after=2022-01-01 00:00:00+00:00
[2025-02-01T11:19:49.247+0000] {logging_mixin.py:190} INFO - [2025-02-01T11:19:49.247+0000] {dag.py:4180} INFO - Setting next_dagrun for example_subdag_operator.section-1 to None, run_after=None
[2025-02-01T11:19:49.248+0000] {logging_mixin.py:190} INFO - [2025-02-01T11:19:49.248+0000] {dag.py:4180} INFO - Setting next_dagrun for example_subdag_operator.section-2 to None, run_after=None
[2025-02-01T11:19:49.255+0000] {logging_mixin.py:190} INFO - [2025-02-01T11:19:49.255+0000] {dag.py:3239} INFO - Sync 2 DAGs
[2025-02-01T11:19:49.260+0000] {logging_mixin.py:190} INFO - [2025-02-01T11:19:49.260+0000] {dag.py:4180} INFO - Setting next_dagrun for example_subdag_operator.section-1 to None, run_after=None
[2025-02-01T11:19:49.261+0000] {logging_mixin.py:190} INFO - [2025-02-01T11:19:49.261+0000] {dag.py:4180} INFO - Setting next_dagrun for example_subdag_operator.section-2 to None, run_after=None
[2025-02-01T11:19:49.271+0000] {processor.py:208} INFO - Processing /home/airflow/.local/lib/python3.12/site-packages/airflow/example_dags/example_subdag_operator.py took 0.097 seconds
