[2025-02-01T11:19:17.355+0000] {processor.py:186} INFO - Started process (PID=67) to work on /home/airflow/.local/lib/python3.12/site-packages/airflow/example_dags/example_dynamic_task_mapping.py
[2025-02-01T11:19:17.357+0000] {processor.py:914} INFO - Processing file /home/airflow/.local/lib/python3.12/site-packages/airflow/example_dags/example_dynamic_task_mapping.py for tasks to queue
[2025-02-01T11:19:17.369+0000] {logging_mixin.py:190} INFO - [2025-02-01T11:19:17.368+0000] {dagbag.py:588} INFO - Filling up the DagBag from /home/airflow/.local/lib/python3.12/site-packages/airflow/example_dags/example_dynamic_task_mapping.py
[2025-02-01T11:19:17.397+0000] {processor.py:925} INFO - DAG(s) 'example_dynamic_task_mapping' retrieved from /home/airflow/.local/lib/python3.12/site-packages/airflow/example_dags/example_dynamic_task_mapping.py
[2025-02-01T11:19:17.717+0000] {logging_mixin.py:190} INFO - [2025-02-01T11:19:17.716+0000] {override.py:1911} INFO - Created Permission View: can edit on DAG:example_dynamic_task_mapping
[2025-02-01T11:19:17.735+0000] {logging_mixin.py:190} INFO - [2025-02-01T11:19:17.735+0000] {override.py:1911} INFO - Created Permission View: can read on DAG:example_dynamic_task_mapping
[2025-02-01T11:19:17.742+0000] {logging_mixin.py:190} INFO - [2025-02-01T11:19:17.742+0000] {override.py:1911} INFO - Created Permission View: can delete on DAG:example_dynamic_task_mapping
[2025-02-01T11:19:17.749+0000] {logging_mixin.py:190} INFO - [2025-02-01T11:19:17.748+0000] {override.py:1911} INFO - Created Permission View: menu access on DAG Run:example_dynamic_task_mapping
[2025-02-01T11:19:17.754+0000] {logging_mixin.py:190} INFO - [2025-02-01T11:19:17.754+0000] {override.py:1911} INFO - Created Permission View: can create on DAG Run:example_dynamic_task_mapping
[2025-02-01T11:19:17.759+0000] {logging_mixin.py:190} INFO - [2025-02-01T11:19:17.759+0000] {override.py:1911} INFO - Created Permission View: can read on DAG Run:example_dynamic_task_mapping
[2025-02-01T11:19:17.765+0000] {logging_mixin.py:190} INFO - [2025-02-01T11:19:17.764+0000] {override.py:1911} INFO - Created Permission View: can delete on DAG Run:example_dynamic_task_mapping
[2025-02-01T11:19:17.765+0000] {logging_mixin.py:190} INFO - [2025-02-01T11:19:17.765+0000] {dag.py:3239} INFO - Sync 1 DAGs
[2025-02-01T11:19:17.791+0000] {logging_mixin.py:190} INFO - [2025-02-01T11:19:17.790+0000] {dag.py:3262} INFO - Creating ORM DAG for example_dynamic_task_mapping
[2025-02-01T11:19:17.792+0000] {logging_mixin.py:190} INFO - [2025-02-01T11:19:17.792+0000] {dag.py:4180} INFO - Setting next_dagrun for example_dynamic_task_mapping to None, run_after=None
[2025-02-01T11:19:17.813+0000] {processor.py:208} INFO - Processing /home/airflow/.local/lib/python3.12/site-packages/airflow/example_dags/example_dynamic_task_mapping.py took 0.477 seconds
[2025-02-01T11:19:48.092+0000] {processor.py:186} INFO - Started process (PID=131) to work on /home/airflow/.local/lib/python3.12/site-packages/airflow/example_dags/example_dynamic_task_mapping.py
[2025-02-01T11:19:48.092+0000] {processor.py:914} INFO - Processing file /home/airflow/.local/lib/python3.12/site-packages/airflow/example_dags/example_dynamic_task_mapping.py for tasks to queue
[2025-02-01T11:19:48.094+0000] {logging_mixin.py:190} INFO - [2025-02-01T11:19:48.094+0000] {dagbag.py:588} INFO - Filling up the DagBag from /home/airflow/.local/lib/python3.12/site-packages/airflow/example_dags/example_dynamic_task_mapping.py
[2025-02-01T11:19:48.106+0000] {processor.py:925} INFO - DAG(s) 'example_dynamic_task_mapping' retrieved from /home/airflow/.local/lib/python3.12/site-packages/airflow/example_dags/example_dynamic_task_mapping.py
[2025-02-01T11:19:48.130+0000] {logging_mixin.py:190} INFO - [2025-02-01T11:19:48.129+0000] {dag.py:3239} INFO - Sync 1 DAGs
[2025-02-01T11:19:48.142+0000] {logging_mixin.py:190} INFO - [2025-02-01T11:19:48.142+0000] {dag.py:4180} INFO - Setting next_dagrun for example_dynamic_task_mapping to None, run_after=None
[2025-02-01T11:19:48.159+0000] {processor.py:208} INFO - Processing /home/airflow/.local/lib/python3.12/site-packages/airflow/example_dags/example_dynamic_task_mapping.py took 0.072 seconds
