[2025-02-01T11:19:20.744+0000] {processor.py:186} INFO - Started process (PID=86) to work on /home/airflow/.local/lib/python3.12/site-packages/airflow/example_dags/example_dataset_alias_with_no_taskflow.py
[2025-02-01T11:19:20.745+0000] {processor.py:914} INFO - Processing file /home/airflow/.local/lib/python3.12/site-packages/airflow/example_dags/example_dataset_alias_with_no_taskflow.py for tasks to queue
[2025-02-01T11:19:20.748+0000] {logging_mixin.py:190} INFO - [2025-02-01T11:19:20.747+0000] {dagbag.py:588} INFO - Filling up the DagBag from /home/airflow/.local/lib/python3.12/site-packages/airflow/example_dags/example_dataset_alias_with_no_taskflow.py
[2025-02-01T11:19:29.982+0000] {processor.py:925} INFO - DAG(s) 'dataset_alias_example_alias_consumer_with_no_taskflow', 'dataset_alias_example_alias_producer_with_no_taskflow', 'dataset_s3_bucket_consumer_with_no_taskflow', 'dataset_s3_bucket_producer_with_no_taskflow' retrieved from /home/airflow/.local/lib/python3.12/site-packages/airflow/example_dags/example_dataset_alias_with_no_taskflow.py
[2025-02-01T11:19:30.268+0000] {logging_mixin.py:190} INFO - [2025-02-01T11:19:30.266+0000] {override.py:1911} INFO - Created Permission View: can edit on DAG:dataset_alias_example_alias_consumer_with_no_taskflow
[2025-02-01T11:19:30.440+0000] {logging_mixin.py:190} INFO - [2025-02-01T11:19:30.439+0000] {override.py:1911} INFO - Created Permission View: can read on DAG:dataset_alias_example_alias_consumer_with_no_taskflow
[2025-02-01T11:19:30.598+0000] {logging_mixin.py:190} INFO - [2025-02-01T11:19:30.598+0000] {override.py:1911} INFO - Created Permission View: can delete on DAG:dataset_alias_example_alias_consumer_with_no_taskflow
[2025-02-01T11:19:30.887+0000] {logging_mixin.py:190} INFO - [2025-02-01T11:19:30.886+0000] {override.py:1911} INFO - Created Permission View: menu access on DAG Run:dataset_alias_example_alias_consumer_with_no_taskflow
[2025-02-01T11:19:31.021+0000] {logging_mixin.py:190} INFO - [2025-02-01T11:19:31.020+0000] {override.py:1911} INFO - Created Permission View: can create on DAG Run:dataset_alias_example_alias_consumer_with_no_taskflow
[2025-02-01T11:19:31.148+0000] {logging_mixin.py:190} INFO - [2025-02-01T11:19:31.148+0000] {override.py:1911} INFO - Created Permission View: can read on DAG Run:dataset_alias_example_alias_consumer_with_no_taskflow
[2025-02-01T11:19:31.323+0000] {logging_mixin.py:190} INFO - [2025-02-01T11:19:31.321+0000] {override.py:1911} INFO - Created Permission View: can delete on DAG Run:dataset_alias_example_alias_consumer_with_no_taskflow
[2025-02-01T11:19:31.573+0000] {logging_mixin.py:190} INFO - [2025-02-01T11:19:31.572+0000] {override.py:1911} INFO - Created Permission View: can edit on DAG:dataset_alias_example_alias_producer_with_no_taskflow
[2025-02-01T11:19:31.690+0000] {logging_mixin.py:190} INFO - [2025-02-01T11:19:31.690+0000] {override.py:1911} INFO - Created Permission View: can read on DAG:dataset_alias_example_alias_producer_with_no_taskflow
[2025-02-01T11:19:31.936+0000] {logging_mixin.py:190} INFO - [2025-02-01T11:19:31.935+0000] {override.py:1911} INFO - Created Permission View: can delete on DAG:dataset_alias_example_alias_producer_with_no_taskflow
[2025-02-01T11:19:32.133+0000] {logging_mixin.py:190} INFO - [2025-02-01T11:19:32.133+0000] {override.py:1911} INFO - Created Permission View: menu access on DAG Run:dataset_alias_example_alias_producer_with_no_taskflow
[2025-02-01T11:19:32.190+0000] {logging_mixin.py:190} INFO - [2025-02-01T11:19:32.189+0000] {override.py:1911} INFO - Created Permission View: can create on DAG Run:dataset_alias_example_alias_producer_with_no_taskflow
[2025-02-01T11:19:32.243+0000] {logging_mixin.py:190} INFO - [2025-02-01T11:19:32.243+0000] {override.py:1911} INFO - Created Permission View: can read on DAG Run:dataset_alias_example_alias_producer_with_no_taskflow
[2025-02-01T11:19:32.300+0000] {logging_mixin.py:190} INFO - [2025-02-01T11:19:32.300+0000] {override.py:1911} INFO - Created Permission View: can delete on DAG Run:dataset_alias_example_alias_producer_with_no_taskflow
[2025-02-01T11:19:32.385+0000] {logging_mixin.py:190} INFO - [2025-02-01T11:19:32.384+0000] {override.py:1911} INFO - Created Permission View: can edit on DAG:dataset_s3_bucket_consumer_with_no_taskflow
[2025-02-01T11:19:32.439+0000] {logging_mixin.py:190} INFO - [2025-02-01T11:19:32.439+0000] {override.py:1911} INFO - Created Permission View: can read on DAG:dataset_s3_bucket_consumer_with_no_taskflow
[2025-02-01T11:19:32.493+0000] {logging_mixin.py:190} INFO - [2025-02-01T11:19:32.493+0000] {override.py:1911} INFO - Created Permission View: can delete on DAG:dataset_s3_bucket_consumer_with_no_taskflow
[2025-02-01T11:19:32.579+0000] {logging_mixin.py:190} INFO - [2025-02-01T11:19:32.578+0000] {override.py:1911} INFO - Created Permission View: menu access on DAG Run:dataset_s3_bucket_consumer_with_no_taskflow
[2025-02-01T11:19:32.635+0000] {logging_mixin.py:190} INFO - [2025-02-01T11:19:32.635+0000] {override.py:1911} INFO - Created Permission View: can create on DAG Run:dataset_s3_bucket_consumer_with_no_taskflow
[2025-02-01T11:19:32.689+0000] {logging_mixin.py:190} INFO - [2025-02-01T11:19:32.689+0000] {override.py:1911} INFO - Created Permission View: can read on DAG Run:dataset_s3_bucket_consumer_with_no_taskflow
[2025-02-01T11:19:32.902+0000] {logging_mixin.py:190} INFO - [2025-02-01T11:19:32.902+0000] {override.py:1911} INFO - Created Permission View: can delete on DAG Run:dataset_s3_bucket_consumer_with_no_taskflow
[2025-02-01T11:19:32.965+0000] {logging_mixin.py:190} INFO - [2025-02-01T11:19:32.965+0000] {override.py:1911} INFO - Created Permission View: can edit on DAG:dataset_s3_bucket_producer_with_no_taskflow
[2025-02-01T11:19:32.994+0000] {logging_mixin.py:190} INFO - [2025-02-01T11:19:32.993+0000] {override.py:1911} INFO - Created Permission View: can read on DAG:dataset_s3_bucket_producer_with_no_taskflow
[2025-02-01T11:19:33.023+0000] {logging_mixin.py:190} INFO - [2025-02-01T11:19:33.022+0000] {override.py:1911} INFO - Created Permission View: can delete on DAG:dataset_s3_bucket_producer_with_no_taskflow
[2025-02-01T11:19:33.107+0000] {logging_mixin.py:190} INFO - [2025-02-01T11:19:33.106+0000] {override.py:1911} INFO - Created Permission View: menu access on DAG Run:dataset_s3_bucket_producer_with_no_taskflow
[2025-02-01T11:19:33.137+0000] {logging_mixin.py:190} INFO - [2025-02-01T11:19:33.137+0000] {override.py:1911} INFO - Created Permission View: can create on DAG Run:dataset_s3_bucket_producer_with_no_taskflow
[2025-02-01T11:19:33.167+0000] {logging_mixin.py:190} INFO - [2025-02-01T11:19:33.166+0000] {override.py:1911} INFO - Created Permission View: can read on DAG Run:dataset_s3_bucket_producer_with_no_taskflow
[2025-02-01T11:19:33.194+0000] {logging_mixin.py:190} INFO - [2025-02-01T11:19:33.194+0000] {override.py:1911} INFO - Created Permission View: can delete on DAG Run:dataset_s3_bucket_producer_with_no_taskflow
[2025-02-01T11:19:33.195+0000] {logging_mixin.py:190} INFO - [2025-02-01T11:19:33.195+0000] {dag.py:3239} INFO - Sync 4 DAGs
[2025-02-01T11:19:33.205+0000] {logging_mixin.py:190} INFO - [2025-02-01T11:19:33.205+0000] {dag.py:3262} INFO - Creating ORM DAG for dataset_alias_example_alias_producer_with_no_taskflow
[2025-02-01T11:19:33.207+0000] {logging_mixin.py:190} INFO - [2025-02-01T11:19:33.206+0000] {dag.py:3262} INFO - Creating ORM DAG for dataset_alias_example_alias_consumer_with_no_taskflow
[2025-02-01T11:19:33.208+0000] {logging_mixin.py:190} INFO - [2025-02-01T11:19:33.207+0000] {dag.py:3262} INFO - Creating ORM DAG for dataset_s3_bucket_producer_with_no_taskflow
[2025-02-01T11:19:33.208+0000] {logging_mixin.py:190} INFO - [2025-02-01T11:19:33.208+0000] {dag.py:3262} INFO - Creating ORM DAG for dataset_s3_bucket_consumer_with_no_taskflow
[2025-02-01T11:19:33.216+0000] {logging_mixin.py:190} INFO - [2025-02-01T11:19:33.216+0000] {dag.py:4180} INFO - Setting next_dagrun for dataset_alias_example_alias_consumer_with_no_taskflow to None, run_after=None
[2025-02-01T11:19:33.218+0000] {logging_mixin.py:190} INFO - [2025-02-01T11:19:33.217+0000] {dag.py:4180} INFO - Setting next_dagrun for dataset_alias_example_alias_producer_with_no_taskflow to None, run_after=None
[2025-02-01T11:19:33.219+0000] {logging_mixin.py:190} INFO - [2025-02-01T11:19:33.219+0000] {dag.py:4180} INFO - Setting next_dagrun for dataset_s3_bucket_consumer_with_no_taskflow to None, run_after=None
[2025-02-01T11:19:33.220+0000] {logging_mixin.py:190} INFO - [2025-02-01T11:19:33.219+0000] {dag.py:4180} INFO - Setting next_dagrun for dataset_s3_bucket_producer_with_no_taskflow to None, run_after=None
[2025-02-01T11:19:33.282+0000] {processor.py:208} INFO - Processing /home/airflow/.local/lib/python3.12/site-packages/airflow/example_dags/example_dataset_alias_with_no_taskflow.py took 12.554 seconds
