[2025-02-01T11:19:18.265+0000] {processor.py:186} INFO - Started process (PID=70) to work on /home/airflow/.local/lib/python3.12/site-packages/airflow/example_dags/example_workday_timetable.py
[2025-02-01T11:19:18.266+0000] {processor.py:914} INFO - Processing file /home/airflow/.local/lib/python3.12/site-packages/airflow/example_dags/example_workday_timetable.py for tasks to queue
[2025-02-01T11:19:18.269+0000] {logging_mixin.py:190} INFO - [2025-02-01T11:19:18.269+0000] {dagbag.py:588} INFO - Filling up the DagBag from /home/airflow/.local/lib/python3.12/site-packages/airflow/example_dags/example_workday_timetable.py
[2025-02-01T11:19:18.277+0000] {processor.py:925} INFO - DAG(s) 'example_workday_timetable' retrieved from /home/airflow/.local/lib/python3.12/site-packages/airflow/example_dags/example_workday_timetable.py
[2025-02-01T11:19:18.462+0000] {logging_mixin.py:190} INFO - [2025-02-01T11:19:18.460+0000] {override.py:1911} INFO - Created Permission View: can edit on DAG:example_workday_timetable
[2025-02-01T11:19:18.481+0000] {logging_mixin.py:190} INFO - [2025-02-01T11:19:18.480+0000] {override.py:1911} INFO - Created Permission View: can read on DAG:example_workday_timetable
[2025-02-01T11:19:18.495+0000] {logging_mixin.py:190} INFO - [2025-02-01T11:19:18.494+0000] {override.py:1911} INFO - Created Permission View: can delete on DAG:example_workday_timetable
[2025-02-01T11:19:18.512+0000] {logging_mixin.py:190} INFO - [2025-02-01T11:19:18.512+0000] {override.py:1911} INFO - Created Permission View: menu access on DAG Run:example_workday_timetable
[2025-02-01T11:19:18.522+0000] {logging_mixin.py:190} INFO - [2025-02-01T11:19:18.521+0000] {override.py:1911} INFO - Created Permission View: can create on DAG Run:example_workday_timetable
[2025-02-01T11:19:18.532+0000] {logging_mixin.py:190} INFO - [2025-02-01T11:19:18.532+0000] {override.py:1911} INFO - Created Permission View: can read on DAG Run:example_workday_timetable
[2025-02-01T11:19:18.542+0000] {logging_mixin.py:190} INFO - [2025-02-01T11:19:18.542+0000] {override.py:1911} INFO - Created Permission View: can delete on DAG Run:example_workday_timetable
[2025-02-01T11:19:18.544+0000] {logging_mixin.py:190} INFO - [2025-02-01T11:19:18.544+0000] {dag.py:3239} INFO - Sync 1 DAGs
[2025-02-01T11:19:18.592+0000] {logging_mixin.py:190} INFO - [2025-02-01T11:19:18.591+0000] {dag.py:3262} INFO - Creating ORM DAG for example_workday_timetable
[2025-02-01T11:19:18.758+0000] {logging_mixin.py:190} INFO - [2025-02-01T11:19:18.757+0000] {dag.py:4180} INFO - Setting next_dagrun for example_workday_timetable to 2021-01-04 00:00:00+00:00, run_after=2021-01-05 00:00:00+00:00
[2025-02-01T11:19:18.916+0000] {processor.py:208} INFO - Processing /home/airflow/.local/lib/python3.12/site-packages/airflow/example_dags/example_workday_timetable.py took 0.656 seconds
[2025-02-01T11:19:49.278+0000] {processor.py:186} INFO - Started process (PID=134) to work on /home/airflow/.local/lib/python3.12/site-packages/airflow/example_dags/example_workday_timetable.py
[2025-02-01T11:19:49.279+0000] {processor.py:914} INFO - Processing file /home/airflow/.local/lib/python3.12/site-packages/airflow/example_dags/example_workday_timetable.py for tasks to queue
[2025-02-01T11:19:49.281+0000] {logging_mixin.py:190} INFO - [2025-02-01T11:19:49.281+0000] {dagbag.py:588} INFO - Filling up the DagBag from /home/airflow/.local/lib/python3.12/site-packages/airflow/example_dags/example_workday_timetable.py
[2025-02-01T11:19:49.288+0000] {processor.py:925} INFO - DAG(s) 'example_workday_timetable' retrieved from /home/airflow/.local/lib/python3.12/site-packages/airflow/example_dags/example_workday_timetable.py
[2025-02-01T11:19:49.328+0000] {logging_mixin.py:190} INFO - [2025-02-01T11:19:49.327+0000] {dag.py:3239} INFO - Sync 1 DAGs
[2025-02-01T11:19:49.477+0000] {logging_mixin.py:190} INFO - [2025-02-01T11:19:49.473+0000] {dag.py:4180} INFO - Setting next_dagrun for example_workday_timetable to 2021-01-04 00:00:00+00:00, run_after=2021-01-05 00:00:00+00:00
[2025-02-01T11:19:49.511+0000] {processor.py:208} INFO - Processing /home/airflow/.local/lib/python3.12/site-packages/airflow/example_dags/example_workday_timetable.py took 0.239 seconds
