[2025-02-01T11:19:19.275+0000] {processor.py:186} INFO - Started process (PID=78) to work on /home/airflow/.local/lib/python3.12/site-packages/airflow/example_dags/tutorial_taskflow_api.py
[2025-02-01T11:19:19.277+0000] {processor.py:914} INFO - Processing file /home/airflow/.local/lib/python3.12/site-packages/airflow/example_dags/tutorial_taskflow_api.py for tasks to queue
[2025-02-01T11:19:19.286+0000] {logging_mixin.py:190} INFO - [2025-02-01T11:19:19.286+0000] {dagbag.py:588} INFO - Filling up the DagBag from /home/airflow/.local/lib/python3.12/site-packages/airflow/example_dags/tutorial_taskflow_api.py
[2025-02-01T11:19:19.313+0000] {processor.py:925} INFO - DAG(s) 'tutorial_taskflow_api' retrieved from /home/airflow/.local/lib/python3.12/site-packages/airflow/example_dags/tutorial_taskflow_api.py
[2025-02-01T11:19:19.488+0000] {logging_mixin.py:190} INFO - [2025-02-01T11:19:19.487+0000] {override.py:1911} INFO - Created Permission View: can edit on DAG:tutorial_taskflow_api
[2025-02-01T11:19:19.509+0000] {logging_mixin.py:190} INFO - [2025-02-01T11:19:19.508+0000] {override.py:1911} INFO - Created Permission View: can read on DAG:tutorial_taskflow_api
[2025-02-01T11:19:19.523+0000] {logging_mixin.py:190} INFO - [2025-02-01T11:19:19.522+0000] {override.py:1911} INFO - Created Permission View: can delete on DAG:tutorial_taskflow_api
[2025-02-01T11:19:19.533+0000] {logging_mixin.py:190} INFO - [2025-02-01T11:19:19.532+0000] {override.py:1911} INFO - Created Permission View: menu access on DAG Run:tutorial_taskflow_api
[2025-02-01T11:19:19.544+0000] {logging_mixin.py:190} INFO - [2025-02-01T11:19:19.543+0000] {override.py:1911} INFO - Created Permission View: can create on DAG Run:tutorial_taskflow_api
[2025-02-01T11:19:19.552+0000] {logging_mixin.py:190} INFO - [2025-02-01T11:19:19.552+0000] {override.py:1911} INFO - Created Permission View: can read on DAG Run:tutorial_taskflow_api
[2025-02-01T11:19:19.562+0000] {logging_mixin.py:190} INFO - [2025-02-01T11:19:19.561+0000] {override.py:1911} INFO - Created Permission View: can delete on DAG Run:tutorial_taskflow_api
[2025-02-01T11:19:19.563+0000] {logging_mixin.py:190} INFO - [2025-02-01T11:19:19.562+0000] {dag.py:3239} INFO - Sync 1 DAGs
[2025-02-01T11:19:19.593+0000] {logging_mixin.py:190} INFO - [2025-02-01T11:19:19.593+0000] {dag.py:3262} INFO - Creating ORM DAG for tutorial_taskflow_api
[2025-02-01T11:19:19.594+0000] {logging_mixin.py:190} INFO - [2025-02-01T11:19:19.594+0000] {dag.py:4180} INFO - Setting next_dagrun for tutorial_taskflow_api to None, run_after=None
[2025-02-01T11:19:19.616+0000] {processor.py:208} INFO - Processing /home/airflow/.local/lib/python3.12/site-packages/airflow/example_dags/tutorial_taskflow_api.py took 0.347 seconds
[2025-02-01T11:19:49.744+0000] {processor.py:186} INFO - Started process (PID=142) to work on /home/airflow/.local/lib/python3.12/site-packages/airflow/example_dags/tutorial_taskflow_api.py
[2025-02-01T11:19:49.745+0000] {processor.py:914} INFO - Processing file /home/airflow/.local/lib/python3.12/site-packages/airflow/example_dags/tutorial_taskflow_api.py for tasks to queue
[2025-02-01T11:19:49.748+0000] {logging_mixin.py:190} INFO - [2025-02-01T11:19:49.747+0000] {dagbag.py:588} INFO - Filling up the DagBag from /home/airflow/.local/lib/python3.12/site-packages/airflow/example_dags/tutorial_taskflow_api.py
[2025-02-01T11:19:49.758+0000] {processor.py:925} INFO - DAG(s) 'tutorial_taskflow_api' retrieved from /home/airflow/.local/lib/python3.12/site-packages/airflow/example_dags/tutorial_taskflow_api.py
[2025-02-01T11:19:49.784+0000] {logging_mixin.py:190} INFO - [2025-02-01T11:19:49.784+0000] {dag.py:3239} INFO - Sync 1 DAGs
[2025-02-01T11:19:49.799+0000] {logging_mixin.py:190} INFO - [2025-02-01T11:19:49.799+0000] {dag.py:4180} INFO - Setting next_dagrun for tutorial_taskflow_api to None, run_after=None
[2025-02-01T11:19:49.817+0000] {processor.py:208} INFO - Processing /home/airflow/.local/lib/python3.12/site-packages/airflow/example_dags/tutorial_taskflow_api.py took 0.079 seconds
