[2025-02-01T11:19:20.922+0000] {processor.py:186} INFO - Started process (PID=87) to work on /home/airflow/.local/lib/python3.12/site-packages/airflow/example_dags/tutorial.py
[2025-02-01T11:19:20.923+0000] {processor.py:914} INFO - Processing file /home/airflow/.local/lib/python3.12/site-packages/airflow/example_dags/tutorial.py for tasks to queue
[2025-02-01T11:19:20.925+0000] {logging_mixin.py:190} INFO - [2025-02-01T11:19:20.925+0000] {dagbag.py:588} INFO - Filling up the DagBag from /home/airflow/.local/lib/python3.12/site-packages/airflow/example_dags/tutorial.py
[2025-02-01T11:19:20.937+0000] {processor.py:925} INFO - DAG(s) 'tutorial' retrieved from /home/airflow/.local/lib/python3.12/site-packages/airflow/example_dags/tutorial.py
[2025-02-01T11:19:21.352+0000] {logging_mixin.py:190} INFO - [2025-02-01T11:19:21.352+0000] {override.py:1911} INFO - Created Permission View: can edit on DAG:tutorial
[2025-02-01T11:19:21.368+0000] {logging_mixin.py:190} INFO - [2025-02-01T11:19:21.368+0000] {override.py:1911} INFO - Created Permission View: can read on DAG:tutorial
[2025-02-01T11:19:21.376+0000] {logging_mixin.py:190} INFO - [2025-02-01T11:19:21.376+0000] {override.py:1911} INFO - Created Permission View: can delete on DAG:tutorial
[2025-02-01T11:19:21.387+0000] {logging_mixin.py:190} INFO - [2025-02-01T11:19:21.386+0000] {override.py:1911} INFO - Created Permission View: menu access on DAG Run:tutorial
[2025-02-01T11:19:21.393+0000] {logging_mixin.py:190} INFO - [2025-02-01T11:19:21.393+0000] {override.py:1911} INFO - Created Permission View: can create on DAG Run:tutorial
[2025-02-01T11:19:21.399+0000] {logging_mixin.py:190} INFO - [2025-02-01T11:19:21.399+0000] {override.py:1911} INFO - Created Permission View: can read on DAG Run:tutorial
[2025-02-01T11:19:21.405+0000] {logging_mixin.py:190} INFO - [2025-02-01T11:19:21.405+0000] {override.py:1911} INFO - Created Permission View: can delete on DAG Run:tutorial
[2025-02-01T11:19:21.406+0000] {logging_mixin.py:190} INFO - [2025-02-01T11:19:21.406+0000] {dag.py:3239} INFO - Sync 1 DAGs
[2025-02-01T11:19:21.419+0000] {logging_mixin.py:190} INFO - [2025-02-01T11:19:21.419+0000] {dag.py:3262} INFO - Creating ORM DAG for tutorial
[2025-02-01T11:19:21.433+0000] {logging_mixin.py:190} INFO - [2025-02-01T11:19:21.433+0000] {dag.py:4180} INFO - Setting next_dagrun for tutorial to 2025-01-31 00:00:00+00:00, run_after=2025-02-01 00:00:00+00:00
[2025-02-01T11:19:21.451+0000] {processor.py:208} INFO - Processing /home/airflow/.local/lib/python3.12/site-packages/airflow/example_dags/tutorial.py took 0.534 seconds
[2025-02-01T11:22:25.624+0000] {processor.py:186} INFO - Started process (PID=150) to work on /home/airflow/.local/lib/python3.12/site-packages/airflow/example_dags/tutorial.py
[2025-02-01T11:22:25.626+0000] {processor.py:914} INFO - Processing file /home/airflow/.local/lib/python3.12/site-packages/airflow/example_dags/tutorial.py for tasks to queue
[2025-02-01T11:22:25.628+0000] {logging_mixin.py:190} INFO - [2025-02-01T11:22:25.627+0000] {dagbag.py:588} INFO - Filling up the DagBag from /home/airflow/.local/lib/python3.12/site-packages/airflow/example_dags/tutorial.py
[2025-02-01T11:22:25.643+0000] {processor.py:925} INFO - DAG(s) 'tutorial' retrieved from /home/airflow/.local/lib/python3.12/site-packages/airflow/example_dags/tutorial.py
[2025-02-01T11:22:25.672+0000] {logging_mixin.py:190} INFO - [2025-02-01T11:22:25.671+0000] {dag.py:3239} INFO - Sync 1 DAGs
[2025-02-01T11:22:25.718+0000] {logging_mixin.py:190} INFO - [2025-02-01T11:22:25.717+0000] {dag.py:4180} INFO - Setting next_dagrun for tutorial to 2025-01-31 00:00:00+00:00, run_after=2025-02-01 00:00:00+00:00
[2025-02-01T11:22:25.752+0000] {processor.py:208} INFO - Processing /home/airflow/.local/lib/python3.12/site-packages/airflow/example_dags/tutorial.py took 0.136 seconds
