[2025-02-01T11:19:20.456+0000] {processor.py:186} INFO - Started process (PID=84) to work on /home/airflow/.local/lib/python3.12/site-packages/airflow/example_dags/tutorial_dag.py
[2025-02-01T11:19:20.457+0000] {processor.py:914} INFO - Processing file /home/airflow/.local/lib/python3.12/site-packages/airflow/example_dags/tutorial_dag.py for tasks to queue
[2025-02-01T11:19:20.460+0000] {logging_mixin.py:190} INFO - [2025-02-01T11:19:20.460+0000] {dagbag.py:588} INFO - Filling up the DagBag from /home/airflow/.local/lib/python3.12/site-packages/airflow/example_dags/tutorial_dag.py
[2025-02-01T11:19:20.469+0000] {processor.py:925} INFO - DAG(s) 'tutorial_dag' retrieved from /home/airflow/.local/lib/python3.12/site-packages/airflow/example_dags/tutorial_dag.py
[2025-02-01T11:19:20.597+0000] {logging_mixin.py:190} INFO - [2025-02-01T11:19:20.596+0000] {override.py:1911} INFO - Created Permission View: can edit on DAG:tutorial_dag
[2025-02-01T11:19:20.610+0000] {logging_mixin.py:190} INFO - [2025-02-01T11:19:20.610+0000] {override.py:1911} INFO - Created Permission View: can read on DAG:tutorial_dag
[2025-02-01T11:19:20.619+0000] {logging_mixin.py:190} INFO - [2025-02-01T11:19:20.618+0000] {override.py:1911} INFO - Created Permission View: can delete on DAG:tutorial_dag
[2025-02-01T11:19:20.647+0000] {logging_mixin.py:190} INFO - [2025-02-01T11:19:20.647+0000] {override.py:1911} INFO - Created Permission View: menu access on DAG Run:tutorial_dag
[2025-02-01T11:19:20.655+0000] {logging_mixin.py:190} INFO - [2025-02-01T11:19:20.654+0000] {override.py:1911} INFO - Created Permission View: can create on DAG Run:tutorial_dag
[2025-02-01T11:19:20.663+0000] {logging_mixin.py:190} INFO - [2025-02-01T11:19:20.663+0000] {override.py:1911} INFO - Created Permission View: can read on DAG Run:tutorial_dag
[2025-02-01T11:19:20.670+0000] {logging_mixin.py:190} INFO - [2025-02-01T11:19:20.670+0000] {override.py:1911} INFO - Created Permission View: can delete on DAG Run:tutorial_dag
[2025-02-01T11:19:20.671+0000] {logging_mixin.py:190} INFO - [2025-02-01T11:19:20.671+0000] {dag.py:3239} INFO - Sync 1 DAGs
[2025-02-01T11:19:20.687+0000] {logging_mixin.py:190} INFO - [2025-02-01T11:19:20.687+0000] {dag.py:3262} INFO - Creating ORM DAG for tutorial_dag
[2025-02-01T11:19:20.688+0000] {logging_mixin.py:190} INFO - [2025-02-01T11:19:20.688+0000] {dag.py:4180} INFO - Setting next_dagrun for tutorial_dag to None, run_after=None
[2025-02-01T11:19:20.710+0000] {processor.py:208} INFO - Processing /home/airflow/.local/lib/python3.12/site-packages/airflow/example_dags/tutorial_dag.py took 0.261 seconds
[2025-02-01T11:22:25.019+0000] {processor.py:186} INFO - Started process (PID=148) to work on /home/airflow/.local/lib/python3.12/site-packages/airflow/example_dags/tutorial_dag.py
[2025-02-01T11:22:25.023+0000] {processor.py:914} INFO - Processing file /home/airflow/.local/lib/python3.12/site-packages/airflow/example_dags/tutorial_dag.py for tasks to queue
[2025-02-01T11:22:25.027+0000] {logging_mixin.py:190} INFO - [2025-02-01T11:22:25.026+0000] {dagbag.py:588} INFO - Filling up the DagBag from /home/airflow/.local/lib/python3.12/site-packages/airflow/example_dags/tutorial_dag.py
[2025-02-01T11:22:25.061+0000] {processor.py:925} INFO - DAG(s) 'tutorial_dag' retrieved from /home/airflow/.local/lib/python3.12/site-packages/airflow/example_dags/tutorial_dag.py
[2025-02-01T11:22:25.553+0000] {logging_mixin.py:190} INFO - [2025-02-01T11:22:25.552+0000] {dag.py:3239} INFO - Sync 1 DAGs
[2025-02-01T11:22:25.568+0000] {logging_mixin.py:190} INFO - [2025-02-01T11:22:25.568+0000] {dag.py:4180} INFO - Setting next_dagrun for tutorial_dag to None, run_after=None
[2025-02-01T11:22:25.590+0000] {processor.py:208} INFO - Processing /home/airflow/.local/lib/python3.12/site-packages/airflow/example_dags/tutorial_dag.py took 0.604 seconds
